This is pdfTeX, Version 3.1415926-1.40.10 (MiKTeX 2.8) (preloaded format=pdflatex 2010.2.15)  24 FEB 2010 16:24
entering extended mode
**E:/#Travail/enseignement/S21/CM/S21-CM.tex
(E:/#Travail/enseignement/S21/CM/S21-CM.tex
LaTeX2e <2009/09/24>
Babel <v3.8l> and hyphenation patterns for english, dumylang, nohyphenation, ge
rman, ngerman, german-x-2009-06-19, ngerman-x-2009-06-19, french, loaded.
(C:\Users\Jujube\AppData\Roaming\MiKTeX\2.8\tex\latex\beamer\base\beamer.cls
(C:\Users\Jujube\AppData\Roaming\MiKTeX\2.8\tex\latex\beamer\base\beamerbasercs
.sty
Package: beamerbasercs 2007/01/28 (rcs-revision 1.4)
)
Document Class: beamer 2007/03/11 cvs version 3.07 A class for typesetting pres
entations (rcs-revision 1.70)

(C:\Users\Jujube\AppData\Roaming\MiKTeX\2.8\tex\latex\beamer\base\beamerbasemod
es.sty
Package: beamerbasemodes 2007/01/28 (rcs-revision 1.22)
\beamer@tempbox=\box26
\beamer@tempcount=\count79
\c@beamerpauses=\count80

(C:\Users\Jujube\AppData\Roaming\MiKTeX\2.8\tex\latex\beamer\base\beamerbasedec
ode.sty
Package: beamerbasedecode 2007/01/28 (rcs-revision 1.20)
\beamer@slideinframe=\count81
\beamer@minimum=\count82
)
\beamer@commentbox=\box27
\beamer@modecount=\count83
)
\headheight=\dimen102
\headdp=\dimen103
\footheight=\dimen104
\sidebarheight=\dimen105
\beamer@tempdim=\dimen106
\beamer@finalheight=\dimen107
\beamer@animht=\dimen108
\beamer@animdp=\dimen109
\beamer@animwd=\dimen110
\beamer@leftmargin=\dimen111
\beamer@rightmargin=\dimen112
\beamer@leftsidebar=\dimen113
\beamer@rightsidebar=\dimen114
\beamer@boxsize=\dimen115
\beamer@vboxoffset=\dimen116
\beamer@descdefault=\dimen117
\beamer@descriptionwidth=\dimen118
\beamer@lastskip=\skip41
\beamer@areabox=\box28
\beamer@animcurrent=\box29
\beamer@animshowbox=\box30
\beamer@sectionbox=\box31
\beamer@logobox=\box32
\beamer@linebox=\box33
\beamer@sectioncount=\count84
\beamer@subsubsectionmax=\count85
\beamer@subsectionmax=\count86
\beamer@sectionmax=\count87
\beamer@totalheads=\count88
\beamer@headcounter=\count89
\beamer@partstartpage=\count90
\beamer@sectionstartpage=\count91
\beamer@subsectionstartpage=\count92
\beamer@animationtempa=\count93
\beamer@animationtempb=\count94
\beamer@xpos=\count95
\beamer@ypos=\count96
\beamer@showpartnumber=\count97
\beamer@currentsubsection=\count98
\beamer@coveringdepth=\count99
\beamer@sectionadjust=\count100
\beamer@tocsectionnumber=\count101

(C:\Users\Jujube\AppData\Roaming\MiKTeX\2.8\tex\latex\beamer\base\beamerbaseopt
ions.sty
Package: beamerbaseoptions 2007/01/28 (rcs-revision 1.8)
 ("C:\Program Files (x86)\MiKTeX 2.8\tex\latex\graphics\keyval.sty"
Package: keyval 1999/03/16 v1.13 key=value parser (DPC)
\KV@toks@=\toks14
))
(C:\Users\Jujube\AppData\Roaming\MiKTeX\2.8\tex\latex\pgf\basiclayer\pgfcore.st
y ("C:\Program Files (x86)\MiKTeX 2.8\tex\latex\graphics\graphicx.sty"
Package: graphicx 1999/02/16 v1.0f Enhanced LaTeX Graphics (DPC,SPQR)

("C:\Program Files (x86)\MiKTeX 2.8\tex\latex\graphics\graphics.sty"
Package: graphics 2009/02/05 v1.0o Standard LaTeX Graphics (DPC,SPQR)

("C:\Program Files (x86)\MiKTeX 2.8\tex\latex\graphics\trig.sty"
Package: trig 1999/03/16 v1.09 sin cos tan (DPC)
)
("C:\Program Files (x86)\MiKTeX 2.8\tex\latex\00miktex\graphics.cfg"
File: graphics.cfg 2007/01/18 v1.5 graphics configuration of teTeX/TeXLive
)
Package graphics Info: Driver file: pdftex.def on input line 91.

("C:\Program Files (x86)\MiKTeX 2.8\tex\latex\pdftex-def\pdftex.def"
File: pdftex.def 2009/08/25 v0.04m Graphics/color for pdfTeX
\Gread@gobject=\count102
))
\Gin@req@height=\dimen119
\Gin@req@width=\dimen120
)
(C:\Users\Jujube\AppData\Roaming\MiKTeX\2.8\tex\latex\pgf\systemlayer\pgfsys.st
y
(C:\Users\Jujube\AppData\Roaming\MiKTeX\2.8\tex\latex\pgf\utilities\pgfrcs.sty
(C:\Users\Jujube\AppData\Roaming\MiKTeX\2.8\tex\generic\pgf\utilities\pgfutil-c
ommon.tex
\pgfutil@everybye=\toks15
)
(C:\Users\Jujube\AppData\Roaming\MiKTeX\2.8\tex\generic\pgf\utilities\pgfutil-l
atex.def)
(C:\Users\Jujube\AppData\Roaming\MiKTeX\2.8\tex\generic\pgf\utilities\pgfrcs.co
de.tex
Package: pgfrcs 2008/02/20 v2.00 (rcs-revision 1.21)
))
(C:\Users\Jujube\AppData\Roaming\MiKTeX\2.8\tex\generic\pgf\systemlayer\pgfsys.
code.tex
Package: pgfsys 2008/02/07 v2.00 (rcs-revision 1.31)

(C:\Users\Jujube\AppData\Roaming\MiKTeX\2.8\tex\generic\pgf\utilities\pgfkeys.c
ode.tex
\pgfkeys@pathtoks=\toks16
\pgfkeys@temptoks=\toks17
)
\pgf@x=\dimen121
\pgf@y=\dimen122
\pgf@xa=\dimen123
\pgf@ya=\dimen124
\pgf@xb=\dimen125
\pgf@yb=\dimen126
\pgf@xc=\dimen127
\pgf@yc=\dimen128
\c@pgf@counta=\count103
\c@pgf@countb=\count104
\c@pgf@countc=\count105
\c@pgf@countd=\count106

(C:\Users\Jujube\AppData\Roaming\MiKTeX\2.8\tex\generic\pgf\systemlayer\pgf.cfg
File: pgf.cfg 2008/01/13  (rcs-revision 1.6)
)
Package pgfsys Info: Driver file for pgf: pgfsys-pdftex.def on input line 885.

(C:\Users\Jujube\AppData\Roaming\MiKTeX\2.8\tex\generic\pgf\systemlayer\pgfsys-
pdftex.def
File: pgfsys-pdftex.def 2007/12/20  (rcs-revision 1.20)

(C:\Users\Jujube\AppData\Roaming\MiKTeX\2.8\tex\generic\pgf\systemlayer\pgfsys-
common-pdf.def
File: pgfsys-common-pdf.def 2007/12/17  (rcs-revision 1.8)
)))
(C:\Users\Jujube\AppData\Roaming\MiKTeX\2.8\tex\generic\pgf\systemlayer\pgfsyss
oftpath.code.tex
File: pgfsyssoftpath.code.tex 2008/01/23  (rcs-revision 1.6)
\pgfsyssoftpath@smallbuffer@items=\count107
\pgfsyssoftpath@bigbuffer@items=\count108
)
(C:\Users\Jujube\AppData\Roaming\MiKTeX\2.8\tex\generic\pgf\systemlayer\pgfsysp
rotocol.code.tex
File: pgfsysprotocol.code.tex 2006/10/16  (rcs-revision 1.4)
))
(C:\Users\Jujube\AppData\Roaming\MiKTeX\2.8\tex\latex\xcolor\xcolor.sty
Package: xcolor 2007/01/21 v2.11 LaTeX color extensions (UK)

("C:\Program Files (x86)\MiKTeX 2.8\tex\latex\00miktex\color.cfg"
File: color.cfg 2007/01/18 v1.5 color configuration of teTeX/TeXLive
)
Package xcolor Info: Driver file: pdftex.def on input line 225.

(C:\Users\Jujube\AppData\Roaming\MiKTeX\2.8\tex\latex\colortbl\colortbl.sty
Package: colortbl 2001/02/13 v0.1j Color table columns (DPC)

("C:\Program Files (x86)\MiKTeX 2.8\tex\latex\tools\array.sty"
Package: array 2008/09/09 v2.4c Tabular extension package (FMi)
\col@sep=\dimen129
\extrarowheight=\dimen130
\NC@list=\toks18
\extratabsurround=\skip42
\backup@length=\skip43
)
\everycr=\toks19
\minrowclearance=\skip44
)
\rownum=\count109
Package xcolor Info: Model `cmy' substituted by `cmy0' on input line 1337.
Package xcolor Info: Model `hsb' substituted by `rgb' on input line 1341.
Package xcolor Info: Model `RGB' extended on input line 1353.
Package xcolor Info: Model `HTML' substituted by `rgb' on input line 1355.
Package xcolor Info: Model `Hsb' substituted by `hsb' on input line 1356.
Package xcolor Info: Model `tHsb' substituted by `hsb' on input line 1357.
Package xcolor Info: Model `HSB' substituted by `hsb' on input line 1358.
Package xcolor Info: Model `Gray' substituted by `gray' on input line 1359.
Package xcolor Info: Model `wave' substituted by `hsb' on input line 1360.
)
(C:\Users\Jujube\AppData\Roaming\MiKTeX\2.8\tex\generic\pgf\basiclayer\pgfcore.
code.tex
Package: pgfcore 2008/01/15 v2.00 (rcs-revision 1.6)

(C:\Users\Jujube\AppData\Roaming\MiKTeX\2.8\tex\generic\pgf\math\pgfmath.code.t
ex
(C:\Users\Jujube\AppData\Roaming\MiKTeX\2.8\tex\generic\pgf\math\pgfmathcalc.co
de.tex
(C:\Users\Jujube\AppData\Roaming\MiKTeX\2.8\tex\generic\pgf\math\pgfmathutil.co
de.tex
\pgfmath@box=\box34
)
(C:\Users\Jujube\AppData\Roaming\MiKTeX\2.8\tex\generic\pgf\math\pgfmathparser.
code.tex
\pgfmath@stack=\toks20
\c@pgfmath@parsecounta=\count110
\c@pgfmath@parsecountb=\count111
\c@pgfmath@parsecountc=\count112
\pgfmath@parsex=\dimen131
)
(C:\Users\Jujube\AppData\Roaming\MiKTeX\2.8\tex\generic\pgf\math\pgfmathoperati
ons.code.tex
(C:\Users\Jujube\AppData\Roaming\MiKTeX\2.8\tex\generic\pgf\math\pgfmathtrig.co
de.tex)
(C:\Users\Jujube\AppData\Roaming\MiKTeX\2.8\tex\generic\pgf\math\pgfmathrnd.cod
e.tex))
(C:\Users\Jujube\AppData\Roaming\MiKTeX\2.8\tex\generic\pgf\math\pgfmathbase.co
de.tex)))
(C:\Users\Jujube\AppData\Roaming\MiKTeX\2.8\tex\generic\pgf\basiclayer\pgfcorep
oints.code.tex
File: pgfcorepoints.code.tex 2008/02/03  (rcs-revision 1.13)
\pgf@picminx=\dimen132
\pgf@picmaxx=\dimen133
\pgf@picminy=\dimen134
\pgf@picmaxy=\dimen135
\pgf@pathminx=\dimen136
\pgf@pathmaxx=\dimen137
\pgf@pathminy=\dimen138
\pgf@pathmaxy=\dimen139
\pgf@xx=\dimen140
\pgf@xy=\dimen141
\pgf@yx=\dimen142
\pgf@yy=\dimen143
\pgf@zx=\dimen144
\pgf@zy=\dimen145
)
(C:\Users\Jujube\AppData\Roaming\MiKTeX\2.8\tex\generic\pgf\basiclayer\pgfcorep
athconstruct.code.tex
File: pgfcorepathconstruct.code.tex 2008/02/13  (rcs-revision 1.14)
\pgf@path@lastx=\dimen146
\pgf@path@lasty=\dimen147
)
(C:\Users\Jujube\AppData\Roaming\MiKTeX\2.8\tex\generic\pgf\basiclayer\pgfcorep
athusage.code.tex
File: pgfcorepathusage.code.tex 2008/01/23  (rcs-revision 1.11)
\pgf@shorten@end@additional=\dimen148
\pgf@shorten@start@additional=\dimen149
)
(C:\Users\Jujube\AppData\Roaming\MiKTeX\2.8\tex\generic\pgf\basiclayer\pgfcores
copes.code.tex
File: pgfcorescopes.code.tex 2008/01/15  (rcs-revision 1.26)
\pgfpic=\box35
\pgf@hbox=\box36
\pgf@layerbox@main=\box37
\pgf@picture@serial@count=\count113
)
(C:\Users\Jujube\AppData\Roaming\MiKTeX\2.8\tex\generic\pgf\basiclayer\pgfcoreg
raphicstate.code.tex
File: pgfcoregraphicstate.code.tex 2007/12/12  (rcs-revision 1.8)
\pgflinewidth=\dimen150
)
(C:\Users\Jujube\AppData\Roaming\MiKTeX\2.8\tex\generic\pgf\basiclayer\pgfcoret
ransformations.code.tex
File: pgfcoretransformations.code.tex 2008/02/04  (rcs-revision 1.10)
\pgf@pt@x=\dimen151
\pgf@pt@y=\dimen152
\pgf@pt@temp=\dimen153
)
(C:\Users\Jujube\AppData\Roaming\MiKTeX\2.8\tex\generic\pgf\basiclayer\pgfcoreq
uick.code.tex
File: pgfcorequick.code.tex 2006/10/11  (rcs-revision 1.2)
)
(C:\Users\Jujube\AppData\Roaming\MiKTeX\2.8\tex\generic\pgf\basiclayer\pgfcoreo
bjects.code.tex
File: pgfcoreobjects.code.tex 2006/10/11  (rcs-revision 1.2)
)
(C:\Users\Jujube\AppData\Roaming\MiKTeX\2.8\tex\generic\pgf\basiclayer\pgfcorep
athprocessing.code.tex
File: pgfcorepathprocessing.code.tex 2008/01/23  (rcs-revision 1.7)
)
(C:\Users\Jujube\AppData\Roaming\MiKTeX\2.8\tex\generic\pgf\basiclayer\pgfcorea
rrows.code.tex
File: pgfcorearrows.code.tex 2007/06/07  (rcs-revision 1.8)
)
(C:\Users\Jujube\AppData\Roaming\MiKTeX\2.8\tex\generic\pgf\basiclayer\pgfcores
hade.code.tex
File: pgfcoreshade.code.tex 2007/12/10  (rcs-revision 1.9)
\pgf@max=\dimen154
\pgf@sys@shading@range@num=\count114
)
(C:\Users\Jujube\AppData\Roaming\MiKTeX\2.8\tex\generic\pgf\basiclayer\pgfcorei
mage.code.tex
File: pgfcoreimage.code.tex 2008/01/15  (rcs-revision 1.1)
\pgfexternal@startupbox=\box38
)
(C:\Users\Jujube\AppData\Roaming\MiKTeX\2.8\tex\generic\pgf\basiclayer\pgfcorel
ayers.code.tex
File: pgfcorelayers.code.tex 2008/01/15  (rcs-revision 1.1)
)
(C:\Users\Jujube\AppData\Roaming\MiKTeX\2.8\tex\generic\pgf\basiclayer\pgfcoret
ransparency.code.tex
File: pgfcoretransparency.code.tex 2008/01/17  (rcs-revision 1.2)
)
(C:\Users\Jujube\AppData\Roaming\MiKTeX\2.8\tex\generic\pgf\basiclayer\pgfcorep
atterns.code.tex
File: pgfcorepatterns.code.tex 2008/01/15  (rcs-revision 1.1)
)))
(C:\Users\Jujube\AppData\Roaming\MiKTeX\2.8\tex\latex\pgf\basiclayer\pgfbaseima
ge.sty

Package pgf Warning: This package is obsolete and no longer needed on input lin
e 13.

)
(C:\Users\Jujube\AppData\Roaming\MiKTeX\2.8\tex\latex\pgf\utilities\xxcolor.sty
Package: xxcolor 2003/10/24 ver 0.1
\XC@nummixins=\count115
\XC@countmixins=\count116
) ("C:\Program Files (x86)\MiKTeX 2.8\tex\latex\amsfonts\amssymb.sty"
Package: amssymb 2009/06/22 v3.00

("C:\Program Files (x86)\MiKTeX 2.8\tex\latex\amsfonts\amsfonts.sty"
Package: amsfonts 2009/06/22 v3.00 Basic AMSFonts support
\@emptytoks=\toks21
\symAMSa=\mathgroup4
\symAMSb=\mathgroup5
LaTeX Font Info:    Overwriting math alphabet `\mathfrak' in version `bold'
(Font)                  U/euf/m/n --> U/euf/b/n on input line 96.
))
("C:\Program Files (x86)\MiKTeX 2.8\tex\latex\geometry\geometry.sty"
Package: geometry 2008/12/21 v4.2 Page Geometry

("C:\Program Files (x86)\MiKTeX 2.8\tex\generic\oberdiek\ifpdf.sty"
Package: ifpdf 2010/01/28 v2.1 Provides the ifpdf switch (HO)
Package ifpdf Info: pdfTeX in pdf mode detected.
)
("C:\Program Files (x86)\MiKTeX 2.8\tex\generic\oberdiek\ifvtex.sty"
Package: ifvtex 2008/11/04 v1.4 Switches for detecting VTeX and its modes (HO)
Package ifvtex Info: VTeX not detected.
)
\Gm@cnth=\count117
\Gm@cntv=\count118
\c@Gm@tempcnt=\count119
\Gm@bindingoffset=\dimen155
\Gm@wd@mp=\dimen156
\Gm@odd@mp=\dimen157
\Gm@even@mp=\dimen158
\Gm@dimlist=\toks22

("C:\Program Files (x86)\MiKTeX 2.8\tex\latex\geometry\geometry.cfg"))
("C:\Program Files (x86)\MiKTeX 2.8\tex\latex\hyperref\hyperref.sty"
Package: hyperref 2010/02/08 v6.80e Hypertext links for LaTeX

("C:\Program Files (x86)\MiKTeX 2.8\tex\generic\oberdiek\kvsetkeys.sty"
Package: kvsetkeys 2010/01/28 v1.8 Key value parser (HO)

("C:\Program Files (x86)\MiKTeX 2.8\tex\generic\oberdiek\infwarerr.sty"
Package: infwarerr 2007/09/09 v1.2 Providing info/warning/message (HO)
)
("C:\Program Files (x86)\MiKTeX 2.8\tex\generic\oberdiek\etexcmds.sty"
Package: etexcmds 2010/01/28 v1.3 Prefix for e-TeX command names (HO)
Package etexcmds Info: Could not find \expanded.
(etexcmds)             That can mean that you are not using pdfTeX 1.50 or
(etexcmds)             that some package has redefined \expanded.
(etexcmds)             In the latter case, load this package earlier.
))
("C:\Program Files (x86)\MiKTeX 2.8\tex\generic\oberdiek\pdfescape.sty"
Package: pdfescape 2007/11/11 v1.8 Provides hex, PDF name and string conversion
s (HO)

("C:\Program Files (x86)\MiKTeX 2.8\tex\generic\oberdiek\pdftexcmds.sty"
Package: pdftexcmds 2009/12/12 v0.7 Utility functions of pdfTeX for LuaTeX (HO)


("C:\Program Files (x86)\MiKTeX 2.8\tex\generic\oberdiek\ifluatex.sty"
Package: ifluatex 2009/04/17 v1.2 Provides the ifluatex switch (HO)
Package ifluatex Info: LuaTeX not detected.
)
("C:\Program Files (x86)\MiKTeX 2.8\tex\generic\oberdiek\ltxcmds.sty"
Package: ltxcmds 2010/01/28 v1.2 LaTeX kernel commands for general use (HO)
)
Package pdftexcmds Info: LuaTeX not detected.
Package pdftexcmds Info: \pdf@primitive is available.
Package pdftexcmds Info: \pdf@ifprimitive is available.
))
("C:\Program Files (x86)\MiKTeX 2.8\tex\latex\ifxetex\ifxetex.sty"
Package: ifxetex 2009/01/23 v0.5 Provides ifxetex conditional
)
("C:\Program Files (x86)\MiKTeX 2.8\tex\latex\oberdiek\hycolor.sty"
Package: hycolor 2009/12/12 v1.6 Color options of hyperref/bookmark (HO)

("C:\Program Files (x86)\MiKTeX 2.8\tex\latex\oberdiek\xcolor-patch.sty"
Package: xcolor-patch 2009/12/12 xcolor patch
))
("C:\Program Files (x86)\MiKTeX 2.8\tex\latex\oberdiek\letltxmacro.sty"
Package: letltxmacro 2008/06/24 v1.3 Let assignment for LaTeX macros (HO)
)
\@linkdim=\dimen159
\Hy@linkcounter=\count120
\Hy@pagecounter=\count121

("C:\Program Files (x86)\MiKTeX 2.8\tex\latex\hyperref\pd1enc.def"
File: pd1enc.def 2010/02/08 v6.80e Hyperref: PDFDocEncoding definition (HO)
)
("C:\Program Files (x86)\MiKTeX 2.8\tex\generic\oberdiek\intcalc.sty"
Package: intcalc 2007/09/27 v1.1 Expandable integer calculations (HO)
)
("C:\Program Files (x86)\MiKTeX 2.8\tex\latex\00miktex\hyperref.cfg"
File: hyperref.cfg 2002/06/06 v1.2 hyperref configuration of TeXLive
)
("C:\Program Files (x86)\MiKTeX 2.8\tex\latex\oberdiek\kvoptions.sty"
Package: kvoptions 2009/12/08 v3.6 Keyval support for LaTeX options (HO)
)
Package hyperref Info: Option `bookmarks' set `true' on input line 3215.
Package hyperref Info: Option `bookmarksopen' set `true' on input line 3215.
Package hyperref Info: Option `implicit' set `false' on input line 3215.
Package hyperref Info: Hyper figures OFF on input line 3296.
Package hyperref Info: Link nesting OFF on input line 3301.
Package hyperref Info: Hyper index ON on input line 3304.
Package hyperref Info: Plain pages OFF on input line 3311.
Package hyperref Info: Backreferencing OFF on input line 3316.

Implicit mode OFF; no redefinition of LaTeX internals
Package hyperref Info: Bookmarks ON on input line 3512.
("C:\Program Files (x86)\MiKTeX 2.8\tex\latex\ltxmisc\url.sty"
\Urlmuskip=\muskip10
Package: url 2006/04/12  ver 3.3  Verb mode for urls, etc.
)
LaTeX Info: Redefining \url on input line 3749.

("C:\Program Files (x86)\MiKTeX 2.8\tex\generic\oberdiek\bitset.sty"
Package: bitset 2007/09/28 v1.0 Data type bit set (HO)

("C:\Program Files (x86)\MiKTeX 2.8\tex\generic\oberdiek\bigintcalc.sty"
Package: bigintcalc 2007/11/11 v1.1 Expandable big integer calculations (HO)
))
\Fld@menulength=\count122
\Field@Width=\dimen160
\Fld@charsize=\dimen161
\Field@toks=\toks23
Package hyperref Info: Hyper figures OFF on input line 4708.
Package hyperref Info: Link nesting OFF on input line 4713.
Package hyperref Info: Hyper index ON on input line 4716.
Package hyperref Info: backreferencing OFF on input line 4723.
Package hyperref Info: Link coloring OFF on input line 4728.
Package hyperref Info: Link coloring with OCG OFF on input line 4733.
Package hyperref Info: PDF/A mode OFF on input line 4738.
LaTeX Info: Redefining \ref on input line 4778.
LaTeX Info: Redefining \pageref on input line 4782.

("C:\Program Files (x86)\MiKTeX 2.8\tex\generic\oberdiek\atbegshi.sty"
Package: atbegshi 2009/12/02 v1.10 At begin shipout hook (HO)
)

Package hyperref Warning: Option `pdfpagelabels' is turned off
(hyperref)                because \thepage is undefined.

Hyperref stopped early
)
*hyperref using default driver hpdftex*
("C:\Program Files (x86)\MiKTeX 2.8\tex\latex\hyperref\hpdftex.def"
File: hpdftex.def 2010/02/08 v6.80e Hyperref driver for pdfTeX
\Fld@listcount=\count123
\c@bookmark@seq@number=\count124

("C:\Program Files (x86)\MiKTeX 2.8\tex\latex\oberdiek\rerunfilecheck.sty"
Package: rerunfilecheck 2010/01/25 v1.3 Rerun checks for auxiliary files (HO)

("C:\Program Files (x86)\MiKTeX 2.8\tex\latex\oberdiek\atveryend.sty"
Package: atveryend 2010/01/25 v1.4 Hooks at very end of document (HO)
Package atveryend Info: \enddocument detected (standard).
)
("C:\Program Files (x86)\MiKTeX 2.8\tex\generic\oberdiek\uniquecounter.sty"
Package: uniquecounter 2009/12/18 v1.1 Provides unlimited unique counter (HO)
)
Package uniquecounter Info: New unique counter `rerunfilecheck' on input line 2
70.
))
("C:\Program Files (x86)\MiKTeX 2.8\tex\latex\base\size10.clo"
File: size10.clo 2007/10/19 v1.4h Standard LaTeX file (size option)
)
(C:\Users\Jujube\AppData\Roaming\MiKTeX\2.8\tex\latex\beamer\base\beamerbasecom
patibility.sty
Package: beamerbasecompatibility 2007/01/28  (rcs-revision 1.63)
)
(C:\Users\Jujube\AppData\Roaming\MiKTeX\2.8\tex\latex\beamer\base\beamerbasefon
t.sty
Package: beamerbasefont 2007/01/28  (rcs-revision 1.16)
)
(C:\Users\Jujube\AppData\Roaming\MiKTeX\2.8\tex\latex\beamer\base\beamerbasemis
c.sty
Package: beamerbasemisc 2007/01/28  (rcs-revision 1.24)
)
(C:\Users\Jujube\AppData\Roaming\MiKTeX\2.8\tex\latex\beamer\base\beamerbasetwo
screens.sty
Package: beamerbasetwoscreens 2007/01/28  (rcs-revision 1.7)
)
(C:\Users\Jujube\AppData\Roaming\MiKTeX\2.8\tex\latex\beamer\base\beamerbaseove
rlay.sty
Package: beamerbaseoverlay 2007/01/28  (rcs-revision 1.50)
\beamer@argscount=\count125
\beamer@lastskipcover=\skip45
\beamer@trivlistdepth=\count126
)
(C:\Users\Jujube\AppData\Roaming\MiKTeX\2.8\tex\latex\beamer\base\beamerbasetit
le.sty
Package: beamerbasetitle 2007/01/28  (rcs-revision 1.25)
)
(C:\Users\Jujube\AppData\Roaming\MiKTeX\2.8\tex\latex\beamer\base\beamerbasesec
tion.sty
Package: beamerbasesection 2007/01/28  (rcs-revision 1.21)
\c@lecture=\count127
\c@part=\count128
\c@section=\count129
\c@subsection=\count130
\c@subsubsection=\count131
)
(C:\Users\Jujube\AppData\Roaming\MiKTeX\2.8\tex\latex\beamer\base\beamerbasefra
me.sty
Package: beamerbaseframe 2007/01/28  (rcs-revision 1.60)
\beamer@framebox=\box39
\beamer@frametitlebox=\box40
\beamer@zoombox=\box41
\beamer@zoomcount=\count132
\beamer@zoomframecount=\count133
\beamer@frametextheight=\dimen162
\c@subsectionslide=\count134
\beamer@frametopskip=\skip46
\beamer@framebottomskip=\skip47
\beamer@frametopskipautobreak=\skip48
\beamer@framebottomskipautobreak=\skip49
\beamer@envbody=\toks24
\c@framenumber=\count135
)
(C:\Users\Jujube\AppData\Roaming\MiKTeX\2.8\tex\latex\beamer\base\beamerbasever
batim.sty
Package: beamerbaseverbatim 2007/01/28  (rcs-revision 1.8)
\beamer@verbatimfileout=\write3
)
(C:\Users\Jujube\AppData\Roaming\MiKTeX\2.8\tex\latex\beamer\base\beamerbasefra
mesize.sty
Package: beamerbaseframesize 2007/01/28  (rcs-revision 1.18)
\beamer@splitbox=\box42
\beamer@autobreakcount=\count136
\beamer@autobreaklastheight=\dimen163
\beamer@frametitletoks=\toks25
\beamer@framesubtitletoks=\toks26
)
(C:\Users\Jujube\AppData\Roaming\MiKTeX\2.8\tex\latex\beamer\base\beamerbasefra
mecomponents.sty
Package: beamerbaseframecomponents 2007/01/28  (rcs-revision 1.41)
\beamer@footins=\box43
)
(C:\Users\Jujube\AppData\Roaming\MiKTeX\2.8\tex\latex\beamer\base\beamerbasecol
or.sty
Package: beamerbasecolor 2007/01/28  (rcs-revision 1.42)
)
(C:\Users\Jujube\AppData\Roaming\MiKTeX\2.8\tex\latex\beamer\base\beamerbasenot
es.sty
Package: beamerbasenotes 2007/01/28  (rcs-revision 1.23)
\beamer@frameboxcopy=\box44
)
(C:\Users\Jujube\AppData\Roaming\MiKTeX\2.8\tex\latex\beamer\base\beamerbasetoc
.sty
Package: beamerbasetoc 2007/01/28  (rcs-revision 1.21)
)
(C:\Users\Jujube\AppData\Roaming\MiKTeX\2.8\tex\latex\beamer\base\beamerbasetem
plates.sty
Package: beamerbasetemplates 2007/01/28  (rcs-revision 1.51)
\beamer@sbttoks=\toks27

(C:\Users\Jujube\AppData\Roaming\MiKTeX\2.8\tex\latex\beamer\base\beamerbaseaux
templates.sty
Package: beamerbaseauxtemplates 2007/01/28  (rcs-revision 1.28)

(C:\Users\Jujube\AppData\Roaming\MiKTeX\2.8\tex\latex\beamer\base\beamerbasebox
es.sty
Package: beamerbaseboxes 2007/03/11  (rcs-revision 1.32)
\bmb@box=\box45
\bmb@colorbox=\box46
\bmb@boxshadow=\box47
\bmb@boxshadowball=\box48
\bmb@boxshadowballlarge=\box49
\bmb@temp=\dimen164
\bmb@dima=\dimen165
\bmb@dimb=\dimen166
\bmb@prevheight=\dimen167
)
\beamer@blockheadheight=\dimen168
))
(C:\Users\Jujube\AppData\Roaming\MiKTeX\2.8\tex\latex\beamer\base\beamerbaseloc
alstructure.sty
Package: beamerbaselocalstructure 2007/01/28  (rcs-revision 1.53)

("C:\Program Files (x86)\MiKTeX 2.8\tex\latex\tools\enumerate.sty"
Package: enumerate 1999/03/05 v3.00 enumerate extensions (DPC)
\@enLab=\toks28
)
\c@figure=\count137
\c@table=\count138
\abovecaptionskip=\skip50
\belowcaptionskip=\skip51
)
(C:\Users\Jujube\AppData\Roaming\MiKTeX\2.8\tex\latex\beamer\base\beamerbasenav
igation.sty
Package: beamerbasenavigation 2007/01/28  (rcs-revision 1.36)
)
(C:\Users\Jujube\AppData\Roaming\MiKTeX\2.8\tex\latex\beamer\base\beamerbasethe
orems.sty
Package: beamerbasetheorems 2007/01/28  (rcs-revision 1.10)

(C:\Users\Jujube\AppData\Roaming\MiKTeX\2.8\tex\latex\translator\base\translato
r.sty
Package: translator 2007/03/11 ver 1.00

(C:\Users\Jujube\AppData\Roaming\MiKTeX\2.8\tex\latex\translator\base\translato
r-language-mappings.tex))
("C:\Program Files (x86)\MiKTeX 2.8\tex\latex\ams\math\amsmath.sty"
Package: amsmath 2000/07/18 v2.13 AMS math features
\@mathmargin=\skip52

For additional information on amsmath, use the `?' option.
("C:\Program Files (x86)\MiKTeX 2.8\tex\latex\ams\math\amstext.sty"
Package: amstext 2000/06/29 v2.01

("C:\Program Files (x86)\MiKTeX 2.8\tex\latex\ams\math\amsgen.sty"
File: amsgen.sty 1999/11/30 v2.0
\@emptytoks=\toks29
\ex@=\dimen169
))
("C:\Program Files (x86)\MiKTeX 2.8\tex\latex\ams\math\amsbsy.sty"
Package: amsbsy 1999/11/29 v1.2d
\pmbraise@=\dimen170
)
("C:\Program Files (x86)\MiKTeX 2.8\tex\latex\ams\math\amsopn.sty"
Package: amsopn 1999/12/14 v2.01 operator names
)
\inf@bad=\count139
LaTeX Info: Redefining \frac on input line 211.
\uproot@=\count140
\leftroot@=\count141
LaTeX Info: Redefining \overline on input line 307.
\classnum@=\count142
\DOTSCASE@=\count143
LaTeX Info: Redefining \ldots on input line 379.
LaTeX Info: Redefining \dots on input line 382.
LaTeX Info: Redefining \cdots on input line 467.
\Mathstrutbox@=\box50
\strutbox@=\box51
\big@size=\dimen171
LaTeX Font Info:    Redeclaring font encoding OML on input line 567.
LaTeX Font Info:    Redeclaring font encoding OMS on input line 568.
\macc@depth=\count144
\c@MaxMatrixCols=\count145
\dotsspace@=\muskip11
\c@parentequation=\count146
\dspbrk@lvl=\count147
\tag@help=\toks30
\row@=\count148
\column@=\count149
\maxfields@=\count150
\andhelp@=\toks31
\eqnshift@=\dimen172
\alignsep@=\dimen173
\tagshift@=\dimen174
\tagwidth@=\dimen175
\totwidth@=\dimen176
\lineht@=\dimen177
\@envbody=\toks32
\multlinegap=\skip53
\multlinetaggap=\skip54
\mathdisplay@stack=\toks33
LaTeX Info: Redefining \[ on input line 2666.
LaTeX Info: Redefining \] on input line 2667.
)
("C:\Program Files (x86)\MiKTeX 2.8\tex\latex\ams\classes\amsthm.sty"
Package: amsthm 2004/08/06 v2.20
\thm@style=\toks34
\thm@bodyfont=\toks35
\thm@headfont=\toks36
\thm@notefont=\toks37
\thm@headpunct=\toks38
\thm@preskip=\skip55
\thm@postskip=\skip56
\thm@headsep=\skip57
\dth@everypar=\toks39
)
\c@theorem=\count151
)
(C:\Users\Jujube\AppData\Roaming\MiKTeX\2.8\tex\latex\beamer\base\beamerbasethe
mes.sty
Package: beamerbasethemes 2007/01/28  (rcs-revision 1.10)
)
(C:\Users\Jujube\AppData\Roaming\MiKTeX\2.8\tex\latex\beamer\themes\theme\beame
rthemedefault.sty
Package: beamerthemedefault 2007/01/28  (rcs-revision 1.7)

(C:\Users\Jujube\AppData\Roaming\MiKTeX\2.8\tex\latex\beamer\themes\font\beamer
fontthemedefault.sty
Package: beamerfontthemedefault 2007/01/28  (rcs-revision 1.13)
)
(C:\Users\Jujube\AppData\Roaming\MiKTeX\2.8\tex\latex\beamer\themes\color\beame
rcolorthemedefault.sty
Package: beamercolorthemedefault 2007/01/28  (rcs-revision 1.28)
)
(C:\Users\Jujube\AppData\Roaming\MiKTeX\2.8\tex\latex\beamer\themes\inner\beame
rinnerthemedefault.sty
Package: beamerinnerthemedefault 2007/01/28  (rcs-revision 1.20)
\beamer@dima=\dimen178
\beamer@dimb=\dimen179
)
(C:\Users\Jujube\AppData\Roaming\MiKTeX\2.8\tex\latex\beamer\themes\outer\beame
routerthemedefault.sty
Package: beamerouterthemedefault 2007/01/28  (rcs-revision 1.14)
)))
("C:\Program Files (x86)\MiKTeX 2.8\tex\generic\babel\babel.sty"
Package: babel 2008/07/06 v3.8l The Babel package

*************************************
* Local config file bblopts.cfg used
*
("C:\Program Files (x86)\MiKTeX 2.8\tex\latex\00miktex\bblopts.cfg"
File: bblopts.cfg 2006/07/31 v1.0 MiKTeX 'babel' configuration
)
("C:\Program Files (x86)\MiKTeX 2.8\tex\generic\babel\frenchb.ldf"
Language: frenchb 2009/03/16 v2.3d French support from the babel system

("C:\Program Files (x86)\MiKTeX 2.8\tex\generic\babel\babel.def"
File: babel.def 2008/07/06 v3.8l Babel common definitions
LaTeX Info: Redefining \textlatin on input line 82.
\babel@savecnt=\count152
\U@D=\dimen180
)
Package babel Info: Making : an active character on input line 120.
Package babel Info: Making ; an active character on input line 121.
Package babel Info: Making ! an active character on input line 122.
Package babel Info: Making ? an active character on input line 123.
\FB@Mht=\dimen181
\std@mcc=\count153
\dec@mcc=\count154
\parindentFFN=\dimen182

*************************************
* Local config file frenchb.cfg used
*
("C:\Program Files (x86)\MiKTeX 2.8\tex\generic\babel\frenchb.cfg")))
("C:\Program Files (x86)\MiKTeX 2.8\tex\latex\carlisle\scalefnt.sty")
(C:\Users\Jujube\AppData\Roaming\MiKTeX\2.8\tex\latex\pgf\frontendlayer\tikz.st
y (C:\Users\Jujube\AppData\Roaming\MiKTeX\2.8\tex\latex\pgf\basiclayer\pgf.sty
Package: pgf 2008/01/15 v2.00 (rcs-revision 1.12)

(C:\Users\Jujube\AppData\Roaming\MiKTeX\2.8\tex\generic\pgf\modules\pgfmodulesh
apes.code.tex
File: pgfmoduleshapes.code.tex 2008/02/13  (rcs-revision 1.4)
\pgfnodeparttextbox=\box52
\toks@savedmacro=\toks40
)
(C:\Users\Jujube\AppData\Roaming\MiKTeX\2.8\tex\generic\pgf\modules\pgfmodulepl
ot.code.tex
File: pgfmoduleplot.code.tex 2008/01/15  (rcs-revision 1.1)
\pgf@plotwrite=\write4
)
(C:\Users\Jujube\AppData\Roaming\MiKTeX\2.8\tex\latex\pgf\compatibility\pgfcomp
-version-0-65.sty
Package: pgfcomp-version-0-65 2007/07/03 v2.00 (rcs-revision 1.7)
\pgf@nodesepstart=\dimen183
\pgf@nodesepend=\dimen184
)
(C:\Users\Jujube\AppData\Roaming\MiKTeX\2.8\tex\latex\pgf\compatibility\pgfcomp
-version-1-18.sty
Package: pgfcomp-version-1-18 2007/07/23 v2.00 (rcs-revision 1.1)
))
(C:\Users\Jujube\AppData\Roaming\MiKTeX\2.8\tex\latex\pgf\utilities\pgffor.sty
(C:\Users\Jujube\AppData\Roaming\MiKTeX\2.8\tex\generic\pgf\utilities\pgffor.co
de.tex
Package: pgffor 2007/11/07 v2.00 (rcs-revision 1.8)
\pgffor@iter=\dimen185
\pgffor@skip=\dimen186
))
(C:\Users\Jujube\AppData\Roaming\MiKTeX\2.8\tex\generic\pgf\frontendlayer\tikz\
tikz.code.tex
Package: tikz 2008/02/13 v2.00 (rcs-revision 1.27)

(C:\Users\Jujube\AppData\Roaming\MiKTeX\2.8\tex\generic\pgf\libraries\pgflibrar
yplothandlers.code.tex
File: pgflibraryplothandlers.code.tex 2007/03/09 v2.00 (rcs-revision 1.9)
\pgf@plot@mark@count=\count155
\pgfplotmarksize=\dimen187
)
\tikz@lastx=\dimen188
\tikz@lasty=\dimen189
\tikz@lastxsaved=\dimen190
\tikz@lastysaved=\dimen191
\tikzleveldistance=\dimen192
\tikzsiblingdistance=\dimen193
\tikz@figbox=\box53
\tikz@tempbox=\box54
\tikztreelevel=\count156
\tikznumberofchildren=\count157
\tikznumberofcurrentchild=\count158
\tikz@fig@count=\count159

(C:\Users\Jujube\AppData\Roaming\MiKTeX\2.8\tex\generic\pgf\modules\pgfmodulema
trix.code.tex
File: pgfmodulematrix.code.tex 2008/01/15  (rcs-revision 1.1)
\pgfmatrixcurrentrow=\count160
\pgfmatrixcurrentcolumn=\count161
\pgf@matrix@numberofcolumns=\count162
)
\tikz@expandcount=\count163

(C:\Users\Jujube\AppData\Roaming\MiKTeX\2.8\tex\generic\pgf\frontendlayer\tikz\
libraries\tikzlibrarytopaths.code.tex
File: tikzlibrarytopaths.code.tex 2008/01/09 v2.00 (rcs-revision 1.1)
)))
("C:\Program Files (x86)\MiKTeX 2.8\tex\latex\base\inputenc.sty"
Package: inputenc 2008/03/30 v1.1d Input encoding file
\inpenc@prehook=\toks41
\inpenc@posthook=\toks42

("C:\Program Files (x86)\MiKTeX 2.8\tex\latex\base\latin1.def"
File: latin1.def 2008/03/30 v1.1d Input encoding file
))
("C:\Program Files (x86)\MiKTeX 2.8\tex\latex\psnfss\times.sty"
Package: times 2005/04/12 PSNFSS-v9.2a (SPQR) 
)
("C:\Program Files (x86)\MiKTeX 2.8\tex\latex\base\fontenc.sty"
Package: fontenc 2005/09/27 v1.99g Standard LaTeX package

("C:\Program Files (x86)\MiKTeX 2.8\tex\latex\base\t1enc.def"
File: t1enc.def 2005/09/27 v1.99g Standard LaTeX file
LaTeX Font Info:    Redeclaring font encoding T1 on input line 43.
))
("C:\Program Files (x86)\MiKTeX 2.8\tex\latex\multirow\multirow.sty"
\bigstrutjot=\dimen194
)
(C:\Users\Jujube\AppData\Roaming\MiKTeX\2.8\tex\latex\beamer\themes\theme\compa
tibility\beamerthemesplit.sty
Package: beamerthemesplit 2007/01/28  (rcs-revision 1.9)

(C:\Users\Jujube\AppData\Roaming\MiKTeX\2.8\tex\latex\beamer\themes\color\beame
rcolorthemewhale.sty
Package: beamercolorthemewhale 2007/01/28  (rcs-revision 1.4)
)
(C:\Users\Jujube\AppData\Roaming\MiKTeX\2.8\tex\latex\beamer\themes\outer\beame
routerthemesplit.sty
Package: beamerouterthemesplit 2007/01/28  (rcs-revision 1.5)
)
(C:\Users\Jujube\AppData\Roaming\MiKTeX\2.8\tex\latex\beamer\themes\font\beamer
fontthemestructurebold.sty
Package: beamerfontthemestructurebold 2007/01/28  (rcs-revision 1.3)
))
(C:\Users\Jujube\AppData\Roaming\MiKTeX\2.8\tex\latex\beamer\themes\theme\beame
rthemeJuanLesPins.sty
Package: beamerthemeJuanLesPins 2007/01/28  (rcs-revision 1.9)

(C:\Users\Jujube\AppData\Roaming\MiKTeX\2.8\tex\latex\beamer\themes\outer\beame
routerthemesmoothtree.sty
Package: beamerouterthemesmoothtree 2007/01/28  (rcs-revision 1.5)
)
(C:\Users\Jujube\AppData\Roaming\MiKTeX\2.8\tex\latex\beamer\themes\color\beame
rcolorthemeorchid.sty
Package: beamercolorthemeorchid 2007/01/28  (rcs-revision 1.3)
)
(C:\Users\Jujube\AppData\Roaming\MiKTeX\2.8\tex\latex\beamer\themes\inner\beame
rinnerthemerounded.sty
Package: beamerinnerthemerounded 2007/01/28  (rcs-revision 1.5)
))
(C:\Users\Jujube\AppData\Roaming\MiKTeX\2.8\tex\latex\beamer\themes\outer\beame
routerthememiniframes.sty
Package: beamerouterthememiniframes 2007/01/28  (rcs-revision 1.8)
)
(C:\Users\Jujube\AppData\Roaming\MiKTeX\2.8\tex\latex\beamer\themes\font\beamer
fontthemeprofessionalfonts.sty
Package: beamerfontthemeprofessionalfonts 2007/01/28  (rcs-revision 1.3)
) (E:\#Travail\enseignement\S21\CM\S21-CM.aux)
LaTeX Font Info:    Checking defaults for OML/cmm/m/it on input line 49.
LaTeX Font Info:    ... okay on input line 49.
LaTeX Font Info:    Checking defaults for T1/cmr/m/n on input line 49.
LaTeX Font Info:    ... okay on input line 49.
LaTeX Font Info:    Checking defaults for OT1/cmr/m/n on input line 49.
LaTeX Font Info:    ... okay on input line 49.
LaTeX Font Info:    Checking defaults for OMS/cmsy/m/n on input line 49.
LaTeX Font Info:    ... okay on input line 49.
LaTeX Font Info:    Checking defaults for OMX/cmex/m/n on input line 49.
LaTeX Font Info:    ... okay on input line 49.
LaTeX Font Info:    Checking defaults for U/cmr/m/n on input line 49.
LaTeX Font Info:    ... okay on input line 49.
LaTeX Font Info:    Checking defaults for PD1/pdf/m/n on input line 49.
LaTeX Font Info:    ... okay on input line 49.
LaTeX Font Info:    Try loading font information for T1+phv on input line 49.

("C:\Program Files (x86)\MiKTeX 2.8\tex\latex\psnfss\t1phv.fd"
File: t1phv.fd 2001/06/04 scalable font definitions for T1/phv.
)
("C:\Program Files (x86)\MiKTeX 2.8\tex\context\base\supp-pdf.tex"
[Loading MPS to PDF converter (version 2006.09.02).]
\scratchcounter=\count164
\scratchdimen=\dimen195
\scratchbox=\box55
\nofMPsegments=\count165
\nofMParguments=\count166
\everyMPshowfont=\toks43
\MPscratchCnt=\count167
\MPscratchDim=\dimen196
\MPnumerator=\count168
\everyMPtoPDFconversion=\toks44
)
*geometry auto-detecting driver*
*geometry detected driver: pdftex*
-------------------- Geometry parameters
paper: user defined
landscape: --
twocolumn: --
twoside: --
asymmetric: --
h-parts: 28.45274pt, 307.28987pt, 28.45274pt
v-parts: 0.0pt, 273.14662pt, 0.0pt
hmarginratio: --
vmarginratio: --
lines: --
heightrounded: --
bindingoffset: 0.0pt
truedimen: --
includehead: true
includefoot: true
includemp: --
driver: pdftex
-------------------- Page layout dimensions and switches
\paperwidth  364.19536pt
\paperheight 273.14662pt
\textwidth  307.28987pt
\textheight 244.6939pt
\oddsidemargin  -43.81725pt
\evensidemargin -43.81725pt
\topmargin  -72.26999pt
\headheight 14.22636pt
\headsep    0.0pt
\footskip   14.22636pt
\marginparwidth 3.0pt
\marginparsep   11.0pt
\columnsep  10.0pt
\skip\footins  9.0pt plus 4.0pt minus 2.0pt
\hoffset 0.0pt
\voffset 0.0pt
\mag 1000

(1in=72.27pt, 1cm=28.45pt)
-----------------------
Package hyperref Info: Link coloring OFF on input line 49.
("C:\Program Files (x86)\MiKTeX 2.8\tex\latex\hyperref\nameref.sty"
Package: nameref 2010/01/25 v2.36 Cross-referencing by name of section

("C:\Program Files (x86)\MiKTeX 2.8\tex\latex\oberdiek\refcount.sty"
Package: refcount 2008/08/11 v3.1 Data extraction from references (HO)
)
("C:\Program Files (x86)\MiKTeX 2.8\tex\generic\oberdiek\gettitlestring.sty"
Package: gettitlestring 2009/12/18 v1.3 Cleanup title references (HO)
)
\c@section@level=\count169
)
LaTeX Info: Redefining \ref on input line 49.
LaTeX Info: Redefining \pageref on input line 49.

(E:\#Travail\enseignement\S21\CM\S21-CM.out)
(E:\#Travail\enseignement\S21\CM\S21-CM.out)
\@outlinefile=\write5
\AtBeginShipoutBox=\box56

(C:\Users\Jujube\AppData\Roaming\MiKTeX\2.8\tex\latex\translator\dicts\theorem\
translator-theorem-dictionary-English.dict
Dictionary: translator-theorem-dictionary, Language: English 
)
LaTeX Info: Redefining \degres on input line 49.
LaTeX Info: Redefining \dots on input line 49.
LaTeX Info: Redefining \up on input line 49.
LaTeX Font Info:    Font shape `T1/phv/bx/n' in size <5> not available
(Font)              Font shape `T1/phv/b/n' tried instead on input line 49.

(E:\#Travail\enseignement\S21\CM\S21-CM.nav)
LaTeX Font Info:    Font shape `T1/phv/bx/n' in size <7> not available
(Font)              Font shape `T1/phv/b/n' tried instead on input line 54.
LaTeX Font Info:    Try loading font information for T1+pcr on input line 54.

("C:\Program Files (x86)\MiKTeX 2.8\tex\latex\psnfss\t1pcr.fd"
File: t1pcr.fd 2001/06/04 font definitions for T1/pcr.
)
LaTeX Font Info:    Try loading font information for U+msa on input line 54.

("C:\Program Files (x86)\MiKTeX 2.8\tex\latex\amsfonts\umsa.fd"
File: umsa.fd 2009/06/22 v3.00 AMS symbols A
)
LaTeX Font Info:    Try loading font information for U+msb on input line 54.

("C:\Program Files (x86)\MiKTeX 2.8\tex\latex\amsfonts\umsb.fd"
File: umsb.fd 2009/06/22 v3.00 AMS symbols B
)
LaTeX Font Info:    Font shape `T1/phv/bx/n' in size <4> not available
(Font)              Font shape `T1/phv/b/n' tried instead on input line 54.
 [1{C:/Users/Jujube/AppData/Local/MiKTeX/2.8/pdftex/config/pdftex.map}

]
(E:\#Travail\enseignement\S21\CM\5internet2.tex
(E:\#Travail\enseignement\S21\CM\S21-CM.toc) [2

]
<5internet/osi.png, id=102, 428.60126pt x 451.6875pt>
File: 5internet/osi.png Graphic file (type png)
 <use 5internet/osi.png>
Overfull \hbox (8.68143pt too wide) in paragraph at lines 39--39
[]|  []  
 []

LaTeX Font Info:    Font shape `T1/phv/m/it' in size <10> not available
(Font)              Font shape `T1/phv/m/sl' tried instead on input line 39.
[3

 <E:/#Travail/enseignement/S21/CM/5internet/osi.png (PNG copy)>]
<5internet/reseau-vierge.png, id=129, 1090.0725pt x 751.80875pt>
File: 5internet/reseau-vierge.png Graphic file (type png)

<use 5internet/reseau-vierge.png>
Overfull \hbox (9.20561pt too wide) in paragraph at lines 50--50
 [][] 
 []

[4

 <E:/#Travail/enseignement/S21/CM/5internet/reseau-vierge.png (PNG copy)>]
File: 5internet/reseau-vierge.png Graphic file (type png)

<use 5internet/reseau-vierge.png> [5

]
File: 5internet/reseau-vierge.png Graphic file (type png)
 <use 5internet/reseau-vierge.png>
[6

]
File: 5internet/reseau-vierge.png Graphic file (type png)
 <use 5internet/reseau-vierge.png> [7

]
File: 5internet/reseau-vierge.png Graphic file (type png)
 <use 5internet/reseau-vierge.png>
[8

]
File: 5internet/reseau-vierge.png Graphic file (type png)
 <use 5internet/reseau-vierge.png> [9

]
File: 5internet/reseau-vierge.png Graphic file (type png)
 <use 5internet/reseau-vierge.png>
[10

]
File: 5internet/reseau-vierge.png Graphic file (type png)
 <use 5internet/reseau-vierge.png> [11

]
File: 5internet/reseau-vierge.png Graphic file (type png)
 <use 5internet/reseau-vierge.png>
[12

]
File: 5internet/reseau-vierge.png Graphic file (type png)
 <use 5internet/reseau-vierge.png> [13

]
File: 5internet/reseau-vierge.png Graphic file (type png)
 <use 5internet/reseau-vierge.png>
[14

]
File: 5internet/reseau-vierge.png Graphic file (type png)
 <use 5internet/reseau-vierge.png> [15

]
File: 5internet/reseau-vierge.png Graphic file (type png)
 <use 5internet/reseau-vierge.png>
Overfull \vbox (11.20638pt too high) detected at line 106
 []

[16

]
File: 5internet/reseau-vierge.png Graphic file (type png)
 <use 5internet/reseau-vierge.png>
Overfull \vbox (11.20638pt too high) detected at line 106
 []

[17

]
File: 5internet/reseau-vierge.png Graphic file (type png)
 <use 5internet/reseau-vierge.png>
Overfull \vbox (11.20638pt too high) detected at line 106
 []

[18

]
LaTeX Font Info:    Font shape `T1/phv/bx/n' in size <10> not available
(Font)              Font shape `T1/phv/b/n' tried instead on input line 169.
LaTeX Font Info:    Font shape `T1/pcr/bx/n' in size <10> not available
(Font)              Font shape `T1/pcr/b/n' tried instead on input line 169.

Overfull \hbox (13.23123pt too wide) in paragraph at lines 169--169
|  [] 
 []


Overfull \hbox (3.63123pt too wide) in paragraph at lines 169--169
|  [] 
 []


Overfull \hbox (13.23123pt too wide) in paragraph at lines 169--169
[]|  [] 
 []


Overfull \hbox (13.23123pt too wide) in paragraph at lines 169--169
[]|  [] 
 []


Overfull \vbox (2.06694pt too high) detected at line 169
 []

[19

]
Overfull \hbox (13.23123pt too wide) in paragraph at lines 169--169
|  [] 
 []


Overfull \hbox (3.63123pt too wide) in paragraph at lines 169--169
|  [] 
 []


Overfull \hbox (13.23123pt too wide) in paragraph at lines 169--169
[]|  [] 
 []


Overfull \hbox (13.23123pt too wide) in paragraph at lines 169--169
[]|  [] 
 []


Overfull \vbox (2.06694pt too high) detected at line 169
 []

[20

]
Overfull \hbox (13.23123pt too wide) in paragraph at lines 169--169
|  [] 
 []


Overfull \hbox (3.63123pt too wide) in paragraph at lines 169--169
|  [] 
 []


Overfull \hbox (13.23123pt too wide) in paragraph at lines 169--169
[]|  [] 
 []


Overfull \hbox (13.23123pt too wide) in paragraph at lines 169--169
[]|  [] 
 []


Overfull \vbox (2.06694pt too high) detected at line 169
 []

[21

]
Overfull \hbox (13.23123pt too wide) in paragraph at lines 169--169
|  [] 
 []


Overfull \hbox (3.63123pt too wide) in paragraph at lines 169--169
|  [] 
 []


Overfull \hbox (13.23123pt too wide) in paragraph at lines 169--169
[]|  [] 
 []


Overfull \hbox (13.23123pt too wide) in paragraph at lines 169--169
[]|  [] 
 []


Overfull \vbox (2.06694pt too high) detected at line 169
 []

[22

]
Overfull \hbox (13.23123pt too wide) in paragraph at lines 169--169
|  [] 
 []


Overfull \hbox (3.63123pt too wide) in paragraph at lines 169--169
|  [] 
 []


Overfull \hbox (13.23123pt too wide) in paragraph at lines 169--169
[]|  [] 
 []


Overfull \hbox (13.23123pt too wide) in paragraph at lines 169--169
[]|  [] 
 []


Overfull \vbox (2.06694pt too high) detected at line 169
 []

[23

]
Overfull \hbox (13.23123pt too wide) in paragraph at lines 169--169
|  [] 
 []


Overfull \hbox (3.63123pt too wide) in paragraph at lines 169--169
|  [] 
 []


Overfull \hbox (13.23123pt too wide) in paragraph at lines 169--169
[]|  [] 
 []


Overfull \hbox (13.23123pt too wide) in paragraph at lines 169--169
[]|  [] 
 []


Overfull \vbox (2.06694pt too high) detected at line 169
 []

[24

]
Overfull \hbox (13.23123pt too wide) in paragraph at lines 169--169
|  [] 
 []


Overfull \hbox (3.63123pt too wide) in paragraph at lines 169--169
|  [] 
 []


Overfull \hbox (13.23123pt too wide) in paragraph at lines 169--169
[]|  [] 
 []


Overfull \hbox (13.23123pt too wide) in paragraph at lines 169--169
[]|  [] 
 []


Overfull \vbox (2.06694pt too high) detected at line 169
 []

[25

] [26

]
File: 5internet/reseau-vierge.png Graphic file (type png)
 <use 5internet/reseau-vierge.png> [27

]
Overfull \vbox (1.02644pt too high) detected at line 235
 []

[28

]
Overfull \vbox (1.02644pt too high) detected at line 235
 []

[29

]
Overfull \vbox (1.02644pt too high) detected at line 235
 []

[30

]
Overfull \vbox (1.02644pt too high) detected at line 235
 []

[31

]
Overfull \vbox (1.02644pt too high) detected at line 235
 []

[32

]
Overfull \vbox (1.02644pt too high) detected at line 235
 []

[33

]
Overfull \vbox (1.02644pt too high) detected at line 235
 []

[34

]
Overfull \hbox (17.97754pt too wide) in paragraph at lines 278--278
[]|   [] 
 []

[35

]
Overfull \hbox (17.97754pt too wide) in paragraph at lines 322--322
[]|   [] 
 []

[36

]
Overfull \hbox (17.97754pt too wide) in paragraph at lines 366--366
[]|   [] 
 []

[37

]
Overfull \hbox (17.97754pt too wide) in paragraph at lines 410--410
[]|   [] 
 []

[38

] <5internet/reseau-ip.png, id=790, 1090.0725pt x 751.80875pt>
File: 5internet/reseau-ip.png Graphic file (type png)

<use 5internet/reseau-ip.png>
Overfull \hbox (25.87202pt too wide) in paragraph at lines 421--421
 [][] 
 []


Overfull \vbox (1.0pt too high) detected at line 421
 []

[39

 <E:/#Travail/enseignement/S21/CM/5internet/reseau-ip.png (PNG copy)>]
Overfull \hbox (22.77754pt too wide) in paragraph at lines 465--465
[]|   [] 
 []

[40

] <5internet/reseau-intercos.png, id=825, 1090.0725pt x 751.80875pt>
File: 5internet/reseau-intercos.png Graphic file (type png)

<use 5internet/reseau-intercos.png>
Overfull \hbox (25.87202pt too wide) in paragraph at lines 475--475
 [][] 
 []


Overfull \vbox (1.0pt too high) detected at line 475
 []

[41

 <E:/#Travail/enseignement/S21/CM/5internet/reseau-intercos.png (PNG copy)>] <5
internet/plages.pdf, id=843, 654.445pt x 2247.39626pt>
File: 5internet/plages.pdf Graphic file (type pdf)

<use 5internet/plages.pdf>
Overfull \vbox (1.0pt too high) detected at line 486
 []

[42

 <E:/#Travail/enseignement/S21/CM/5internet/plages.pdf>] [43

] [44

] [45

]
Overfull \hbox (4.50995pt too wide) in paragraph at lines 582--582
[][]  
 []

[46

]
Overfull \hbox (4.50995pt too wide) in paragraph at lines 582--582
[][]  
 []

[47

]
Overfull \hbox (4.50995pt too wide) in paragraph at lines 582--582
[][]  
 []

[48

]
Overfull \hbox (4.50995pt too wide) in paragraph at lines 582--582
[][]  
 []

[49

]
Overfull \hbox (4.50995pt too wide) in paragraph at lines 582--582
[][]  
 []

[50

]
File: 5internet/reseau-intercos.png Graphic file (type png)
 <use 5internet/reseau-intercos.png>
Overfull \vbox (2.93048pt too high) detected at line 630
 []

[51

] <5internet/reseau-routeurs.png, id=1042, 1119.18124pt x 583.17876pt>
File: 5internet/reseau-routeurs.png Graphic file (type png)

<use 5internet/reseau-routeurs.png>
Overfull \vbox (2.93048pt too high) detected at line 630
 []

[52

 <E:/#Travail/enseignement/S21/CM/5internet/reseau-routeurs.png (PNG copy)>]
File: 5internet/reseau-routeurs.png Graphic file (type png)
<use 5internet/reseau-routeurs.png>
Overfull \vbox (2.93048pt too high) detected at line 630
 []

[53

]
File: 5internet/reseau-routeurs.png Graphic file (type png)
 <use 5internet/reseau-routeurs.png>
Overfull \vbox (2.93048pt too high) detected at line 630
 []

[54

]
LaTeX Font Info:    Font shape `T1/pcr/bx/n' in size <9> not available
(Font)              Font shape `T1/pcr/b/n' tried instead on input line 674.
LaTeX Font Info:    Font shape `T1/pcr/m/it' in size <9> not available
(Font)              Font shape `T1/pcr/m/sl' tried instead on input line 674.
LaTeX Font Info:    Font shape `T1/phv/bx/n' in size <9> not available
(Font)              Font shape `T1/phv/b/n' tried instead on input line 674.
LaTeX Font Info:    Font shape `T1/phv/m/it' in size <9> not available
(Font)              Font shape `T1/phv/m/sl' tried instead on input line 674.
 [55

] [56

]
LaTeX Font Info:    Font shape `T1/phv/bx/n' in size <8> not available
(Font)              Font shape `T1/phv/b/n' tried instead on input line 674.
 [57

] [58

] [59

] [60

] [61

] [62

] [63

] [64

] [65

] [66

] [67

] [68

]
[69

] [70

] [71

] [72

] [73

] [74

] [75

] [76

] [77

] [78

] [79

] [80

] [81

] [82

] [83

])
(E:\#Travail\enseignement\S21\CM\6services.tex
(E:\#Travail\enseignement\S21\CM\S21-CM.toc) [84

] [85

] [86

] [87

] [88

] [89

]
[90

] [91

] [92

] [93

] [94

] [95

] [96

] [97

] [98

] [99

] [100

] [101

] [102

] [103

]
[104

] [105

] [106

] [107

] [108

] [109

] [110

] [111

] [112

] [113

] [114

] [115

]
[116

] [117

] [118

] [119

] [120

] [121

] [122

] [123

] [124

] [125

] [126

] [127

]
[128

] [129

] [130

] [131

] [132

] [133

] [134

] [135

] [136

] [137

] [138

] [139

]
[140

] [141

] <6services/adslbox1.pdf, id=2617, 845.1575pt x 597.45204pt>
File: 6services/adslbox1.pdf Graphic file (type pdf)

<use 6services/adslbox1.pdf>
Overfull \hbox (35.12427pt too wide) in paragraph at lines 225--225
 []|  [] 
 []

[142

 <E:/#Travail/enseignement/S21/CM/6services/adslbox1.pdf, page is rotated 90 de
grees>] <6services/adslbox2.pdf, id=2641, 845.1575pt x 597.45204pt>
File: 6services/adslbox2.pdf Graphic file (type pdf)

<use 6services/adslbox2.pdf>
Overfull \hbox (35.12427pt too wide) in paragraph at lines 225--225
 []|  [] 
 []

[143

 <E:/#Travail/enseignement/S21/CM/6services/adslbox2.pdf, page is rotated 90 de
grees>] <6services/adslbox3.pdf, id=2686, 845.1575pt x 597.45204pt>
File: 6services/adslbox3.pdf Graphic file (type pdf)

<use 6services/adslbox3.pdf>
Overfull \hbox (35.12427pt too wide) in paragraph at lines 225--225
 []|  [] 
 []

[144

 <E:/#Travail/enseignement/S21/CM/6services/adslbox3.pdf, page is rotated 90 de
grees>] <6services/adslbox4.pdf, id=2765, 845.1575pt x 597.45204pt>
File: 6services/adslbox4.pdf Graphic file (type pdf)

<use 6services/adslbox4.pdf>
Overfull \hbox (35.12427pt too wide) in paragraph at lines 225--225
 []|  [] 
 []

[145

 <E:/#Travail/enseignement/S21/CM/6services/adslbox4.pdf, page is rotated 90 de
grees>] <6services/adslbox5.pdf, id=2845, 845.1575pt x 597.45204pt>
File: 6services/adslbox5.pdf Graphic file (type pdf)

<use 6services/adslbox5.pdf>
Overfull \hbox (35.12427pt too wide) in paragraph at lines 225--225
 []|  [] 
 []

[146

 <E:/#Travail/enseignement/S21/CM/6services/adslbox5.pdf, page is rotated 90 de
grees>] <6services/adslbox6.pdf, id=2924, 845.1575pt x 597.45204pt>
File: 6services/adslbox6.pdf Graphic file (type pdf)

<use 6services/adslbox6.pdf>
Overfull \hbox (35.12427pt too wide) in paragraph at lines 225--225
 []|  [] 
 []

[147

 <E:/#Travail/enseignement/S21/CM/6services/adslbox6.pdf, page is rotated 90 de
grees>] <6services/adslbox7.pdf, id=3003, 845.1575pt x 597.45204pt>
File: 6services/adslbox7.pdf Graphic file (type pdf)

<use 6services/adslbox7.pdf>
Overfull \hbox (35.12427pt too wide) in paragraph at lines 225--225
 []|  [] 
 []

[148

 <E:/#Travail/enseignement/S21/CM/6services/adslbox7.pdf, page is rotated 90 de
grees>] <6services/adslbox8.pdf, id=3090, 845.1575pt x 597.45204pt>
File: 6services/adslbox8.pdf Graphic file (type pdf)

<use 6services/adslbox8.pdf>
Overfull \hbox (35.12427pt too wide) in paragraph at lines 225--225
 []|  [] 
 []

[149

 <E:/#Travail/enseignement/S21/CM/6services/adslbox8.pdf, page is rotated 90 de
grees>] <6services/adslbox9.pdf, id=3180, 845.1575pt x 597.45204pt>
File: 6services/adslbox9.pdf Graphic file (type pdf)

<use 6services/adslbox9.pdf>
Overfull \hbox (35.12427pt too wide) in paragraph at lines 225--225
 []|  [] 
 []

[150

 <E:/#Travail/enseignement/S21/CM/6services/adslbox9.pdf, page is rotated 90 de
grees>] <6services/adslbox10.pdf, id=3270, 845.1575pt x 597.45204pt>
File: 6services/adslbox10.pdf Graphic file (type pdf)

<use 6services/adslbox10.pdf>
Overfull \hbox (35.12427pt too wide) in paragraph at lines 225--225
 []|  [] 
 []

[151

 <E:/#Travail/enseignement/S21/CM/6services/adslbox10.pdf, page is rotated 90 d
egrees>] <6services/adslbox11.pdf, id=3370, 845.1575pt x 597.45204pt>
File: 6services/adslbox11.pdf Graphic file (type pdf)

<use 6services/adslbox11.pdf>
Overfull \hbox (35.12427pt too wide) in paragraph at lines 225--225
 []|  [] 
 []

[152

 <E:/#Travail/enseignement/S21/CM/6services/adslbox11.pdf, page is rotated 90 d
egrees>])
<3protocoles/protocol_relationship.jpg, id=3492, 393.47pt x 289.08pt>
File: 3protocoles/protocol_relationship.jpg Graphic file (type jpg)

<use 3protocoles/protocol_relationship.jpg> [153

 <E:/#Travail/enseignement/S21/CM/3protocoles/protocol_relationship.jpg>]
\tf@nav=\write6
\tf@toc=\write7
\tf@snm=\write8
Package atveryend Info: Empty hook `BeforeClearDocument' on input line 129.
Package atveryend Info: Empty hook `AfterLastShipout' on input line 129.

(E:\#Travail\enseignement\S21\CM\S21-CM.aux)
Package atveryend Info: Executing hook `AtVeryEndDocument' on input line 129.


Package rerunfilecheck Warning: File `S21-CM.out' has changed.
(rerunfilecheck)                Rerun to get outlines right
(rerunfilecheck)                or use package `bookmark'.

Package rerunfilecheck Info: Checksums for `S21-CM.out':
(rerunfilecheck)             Before: 08C682DB20ACB29B7048343AD490A759;226
(rerunfilecheck)             After:  33D59D239A65FAC81E893EE12659B0A0;372.
 ) 
Here is how much of TeX's memory you used:
 16763 strings out of 495285
 310931 string characters out of 3179875
 398269 words of memory out of 3000000
 19122 multiletter control sequences out of 15000+200000
 56919 words of font info for 90 fonts, out of 3000000 for 9000
 14 hyphenation exceptions out of 8191
 55i,19n,67p,794b,1117s stack positions out of 5000i,500n,10000p,200000b,50000s
{C:/Program Files (x86)/MiKTeX 2.8/fonts/enc/dvips/fontname/8r.enc}<C:/Progra
m Files (x86)/MiKTeX 2.8/fonts/type1/public/amsfonts/cm/cmbx9.pfb><C:/Program F
iles (x86)/MiKTeX 2.8/fonts/type1/public/amsfonts/cm/cmmi10.pfb><C:/Program Fil
es (x86)/MiKTeX 2.8/fonts/type1/public/amsfonts/cm/cmmi9.pfb><C:/Program Files 
(x86)/MiKTeX 2.8/fonts/type1/public/amsfonts/cm/cmr10.pfb><C:/Program Files (x8
6)/MiKTeX 2.8/fonts/type1/public/amsfonts/cm/cmr6.pfb><C:/Program Files (x86)/M
iKTeX 2.8/fonts/type1/public/amsfonts/cm/cmr8.pfb><C:/Program Files (x86)/MiKTe
X 2.8/fonts/type1/public/amsfonts/cm/cmr9.pfb><C:/Program Files (x86)/MiKTeX 2.
8/fonts/type1/public/amsfonts/cm/cmsy10.pfb><C:/Program Files (x86)/MiKTeX 2.8/
fonts/type1/public/amsfonts/cm/cmsy8.pfb><C:/Program Files (x86)/MiKTeX 2.8/fon
ts/type1/public/amsfonts/cm/cmsy9.pfb><C:/Program Files (x86)/MiKTeX 2.8/fonts/
type1/urw/courier/ucrb8a.pfb><C:/Program Files (x86)/MiKTeX 2.8/fonts/type1/urw
/courier/ucrr8a.pfb><C:/Program Files (x86)/MiKTeX 2.8/fonts/type1/urw/courier/
ucrro8a.pfb><C:/Program Files (x86)/MiKTeX 2.8/fonts/type1/urw/helvetic/uhvb8a.
pfb><C:/Program Files (x86)/MiKTeX 2.8/fonts/type1/urw/helvetic/uhvr8a.pfb><C:/
Program Files (x86)/MiKTeX 2.8/fonts/type1/urw/helvetic/uhvro8a.pfb>
Output written on S21-CM.pdf (153 pages, 2158289 bytes).
PDF statistics:
 3632 PDF objects out of 4296 (max. 8388607)
 313 named destinations out of 1000 (max. 500000)
 509 words of extra memory for PDF output out of 10000 (max. 10000000)

