\BOOKMARK [1][-]{section.2}{1 Curriculum Vit\346}{}% 1
\BOOKMARK [2][-]{subsection.3}{1.1 \311tat civil}{section.2}% 2
\BOOKMARK [2][-]{subsection.4}{1.2 Formation Universitaire}{section.2}% 3
\BOOKMARK [2][-]{subsection.5}{1.3 Exp\351rience professionnelle}{section.2}% 4
\BOOKMARK [2][-]{subsection.6}{1.4 Responsabilit\351s principales}{section.2}% 5
\BOOKMARK [1][-]{section.7}{2 Activit\351s de recherches}{}% 6
\BOOKMARK [2][-]{subsection.9}{2.1 D\351tails des th\350mes de recherche}{section.7}% 7
\BOOKMARK [3][-]{subsubsection.10}{2.1.1 Sp\351cification de programmes data-parall\350les}{subsection.9}% 8
\BOOKMARK [3][-]{subsubsection.12}{2.1.2 Parall\351lisation pour la g\351ophysique}{subsection.9}% 9
\BOOKMARK [3][-]{subsubsection.14}{2.1.3 Grilles de calcul}{subsection.9}% 10
\BOOKMARK [3][-]{subsubsection.20}{2.1.4 Simulation}{subsection.9}% 11
\BOOKMARK [2][-]{subsection.24}{2.2 Programme de recherches au sein du laboratoire Icube}{section.7}% 12
\BOOKMARK [3][-]{subsubsection.25}{2.2.1 Th\350me Applications}{subsection.24}% 13
\BOOKMARK [3][-]{subsubsection.31}{2.2.2 Th\350me Grilles et Clouds}{subsection.24}% 14
\BOOKMARK [3][-]{subsubsection.33}{2.2.3 Compl\351mentarit\351 des th\350mes}{subsection.24}% 15
\BOOKMARK [3][-]{subsubsection.35}{2.2.4 Conclusion}{subsection.24}% 16
\BOOKMARK [2][-]{subsection.36}{2.3 Liste de publications}{section.7}% 17
\BOOKMARK [2][-]{subsection.46}{2.4 Activit\351s scientifiques}{section.7}% 18
\BOOKMARK [3][-]{subsubsection.47}{2.4.1 Niveau international}{subsection.46}% 19
\BOOKMARK [3][-]{subsubsection.48}{2.4.2 Niveau national}{subsection.46}% 20
\BOOKMARK [3][-]{subsubsection.49}{2.4.3 Niveau local}{subsection.46}% 21
\BOOKMARK [3][-]{subsubsection.50}{2.4.4 Jurys de th\350se}{subsection.46}% 22
\BOOKMARK [2][-]{subsection.51}{2.5 Encadrements}{section.7}% 23
\BOOKMARK [3][-]{subsubsection.52}{2.5.1 Th\350ses}{subsection.51}% 24
\BOOKMARK [3][-]{subsubsection.58}{2.5.2 Stages de DEA/Master}{subsection.51}% 25
\BOOKMARK [3][-]{subsubsection.64}{2.5.3 Autres}{subsection.51}% 26
\BOOKMARK [2][-]{subsection.65}{2.6 Synth\350se quantitative}{section.7}% 27
\BOOKMARK [1][-]{section.66}{3 Activit\351s d'enseignement}{}% 28
\BOOKMARK [2][-]{subsection.67}{3.1 Contexte}{section.66}% 29
\BOOKMARK [2][-]{subsection.70}{3.2 Enseignements en informatique}{section.66}% 30
\BOOKMARK [2][-]{subsection.71}{3.3 Tableau r\351capitulatif}{section.66}% 31
\BOOKMARK [2][-]{subsection.72}{3.4 Contenus des enseignements}{section.66}% 32
\BOOKMARK [2][-]{subsection.76}{3.5 Principales charges d'int\351r\352t collectif}{section.66}% 33
\BOOKMARK [2][-]{subsection.77}{3.6 Projet de d\351veloppement de l'ENSIIE Strasbourg}{section.66}% 34
