\BOOKMARK [1][-]{section.2}{1 Curriculum Vit\346}{}% 1
\BOOKMARK [2][-]{subsection.3}{1.1 \311tat civil}{section.2}% 2
\BOOKMARK [2][-]{subsection.4}{1.2 Formation Universitaire}{section.2}% 3
\BOOKMARK [2][-]{subsection.5}{1.3 Exp\351rience professionnelle}{section.2}% 4
\BOOKMARK [2][-]{subsection.6}{1.4 Responsabilit\351s principales}{section.2}% 5
\BOOKMARK [1][-]{section.7}{2 L'enjeu du poste}{}% 6
\BOOKMARK [1][-]{section.19}{3 Activit\351s de recherches}{}% 7
\BOOKMARK [2][-]{subsection.21}{3.1 D\351tails des th\350mes de recherche}{section.19}% 8
\BOOKMARK [3][-]{subsubsection.22}{3.1.1 Sp\351cification de programmes data-parall\350les}{subsection.21}% 9
\BOOKMARK [3][-]{subsubsection.23}{3.1.2 Parall\351lisation pour la g\351ophysique}{subsection.21}% 10
\BOOKMARK [3][-]{subsubsection.25}{3.1.3 Grilles de calcul}{subsection.21}% 11
\BOOKMARK [3][-]{subsubsection.30}{3.1.4 Simulation}{subsection.21}% 12
\BOOKMARK [2][-]{subsection.34}{3.2 Programme de recherches au sein du laboratoire Icube}{section.19}% 13
\BOOKMARK [3][-]{subsubsection.42}{3.2.1 Conclusion}{subsection.34}% 14
\BOOKMARK [2][-]{subsection.43}{3.3 Liste de publications}{section.19}% 15
\BOOKMARK [2][-]{subsection.53}{3.4 Activit\351s scientifiques}{section.19}% 16
\BOOKMARK [3][-]{subsubsection.54}{3.4.1 Niveau international}{subsection.53}% 17
\BOOKMARK [3][-]{subsubsection.55}{3.4.2 Niveau national}{subsection.53}% 18
\BOOKMARK [3][-]{subsubsection.56}{3.4.3 Niveau local}{subsection.53}% 19
\BOOKMARK [3][-]{subsubsection.57}{3.4.4 Jurys de th\350se}{subsection.53}% 20
\BOOKMARK [2][-]{subsection.58}{3.5 Encadrements}{section.19}% 21
\BOOKMARK [3][-]{subsubsection.59}{3.5.1 Th\350ses}{subsection.58}% 22
\BOOKMARK [3][-]{subsubsection.65}{3.5.2 Stages de DEA/Master}{subsection.58}% 23
\BOOKMARK [3][-]{subsubsection.71}{3.5.3 Autres}{subsection.58}% 24
\BOOKMARK [2][-]{subsection.72}{3.6 Synth\350se quantitative}{section.19}% 25
\BOOKMARK [1][-]{section.73}{4 Activit\351s d'enseignement}{}% 26
\BOOKMARK [2][-]{subsection.74}{4.1 Contexte}{section.73}% 27
\BOOKMARK [2][-]{subsection.76}{4.2 Enseignements en informatique}{section.73}% 28
\BOOKMARK [2][-]{subsection.77}{4.3 Tableau r\351capitulatif}{section.73}% 29
\BOOKMARK [2][-]{subsection.78}{4.4 Principales charges d'int\351r\352t collectif}{section.73}% 30
