\BOOKMARK [1][-]{section.2}{1 Curriculum Vit\346}{}% 1
\BOOKMARK [2][-]{subsection.3}{1.1 \311tat civil}{section.2}% 2
\BOOKMARK [2][-]{subsection.4}{1.2 Formation Universitaire}{section.2}% 3
\BOOKMARK [2][-]{subsection.5}{1.3 Exp\351rience professionnelle}{section.2}% 4
\BOOKMARK [2][-]{subsection.6}{1.4 Responsabilit\351s principales}{section.2}% 5
\BOOKMARK [1][-]{section.7}{2 Activit\351s de recherches}{}% 6
\BOOKMARK [2][-]{subsection.9}{2.1 D\351tails des th\350mes de recherche}{section.7}% 7
\BOOKMARK [3][-]{subsubsection.10}{2.1.1 Pei}{subsection.9}% 8
\BOOKMARK [3][-]{subsubsection.12}{2.1.2 Parall\351lisation pour la g\351ophysique}{subsection.9}% 9
\BOOKMARK [3][-]{subsubsection.14}{2.1.3 Grilles de calcul}{subsection.9}% 10
\BOOKMARK [3][-]{subsubsection.20}{2.1.4 Simulation}{subsection.9}% 11
\BOOKMARK [2][-]{subsection.22}{2.2 Liste de publications}{section.7}% 12
\BOOKMARK [2][-]{subsection.31}{2.3 Activit\351s scientifiques}{section.7}% 13
\BOOKMARK [3][-]{subsubsection.32}{2.3.1 Niveau international}{subsection.31}% 14
\BOOKMARK [3][-]{subsubsection.33}{2.3.2 Niveau national}{subsection.31}% 15
\BOOKMARK [3][-]{subsubsection.34}{2.3.3 Niveau local}{subsection.31}% 16
\BOOKMARK [3][-]{subsubsection.35}{2.3.4 Participation \340 des jurys de th\350se}{subsection.31}% 17
\BOOKMARK [2][-]{subsection.36}{2.4 Encadrements}{section.7}% 18
\BOOKMARK [3][-]{subsubsection.37}{2.4.1 Th\350ses}{subsection.36}% 19
\BOOKMARK [3][-]{subsubsection.43}{2.4.2 Stages de DEA/Master}{subsection.36}% 20
\BOOKMARK [3][-]{subsubsection.49}{2.4.3 Autres}{subsection.36}% 21
\BOOKMARK [2][-]{subsection.50}{2.5 Synth\350se quantitative}{section.7}% 22
\BOOKMARK [1][-]{section.51}{3 Programme de recherches au sein du LSIIT}{}% 23
\BOOKMARK [1][-]{section.64}{4 Activit\351s d'enseignement}{}% 24
\BOOKMARK [2][-]{subsection.65}{4.1 Contexte}{section.64}% 25
\BOOKMARK [2][-]{subsection.68}{4.2 Enseignements en informatique}{section.64}% 26
\BOOKMARK [2][-]{subsection.69}{4.3 Tableau r\351capitulatif}{section.64}% 27
\BOOKMARK [2][-]{subsection.70}{4.4 Contenus des enseignements}{section.64}% 28
\BOOKMARK [2][-]{subsection.74}{4.5 Principales charges d'int\351r\352t collectif}{section.64}% 29
\BOOKMARK [1][-]{section.75}{5 Projet p\351dagogique au sein de l'IUT Robert Schuman}{}% 30
\BOOKMARK [1][-]{section.83}{6 Documents annexes}{}% 31
\BOOKMARK [1][-]{section.84}{7 Copies d'articles}{}% 32
