This is pdfTeX, Version 3.1415926-2.5-1.40.14 (TeX Live 2013/MacPorts 2013_2) (format=pdflatex 2013.8.26)  3 SEP 2013 14:39
entering extended mode
 restricted \write18 enabled.
 %&-line parsing enabled.
**\RequirePackage[extension=.pdf]{texdepends}\input{pr_2226.tex}
(/opt/local/share/texmf/tex/latex/latex-make/texdepends.sty
Package: texdepends 2008/01/28 Automatic depends generation. v1.2.0

(/opt/local/share/texmf-texlive/tex/latex/base/ifthen.sty
Package: ifthen 2001/05/26 v1.1c Standard LaTeX ifthen package (DPC)
)
\TD@write=\write3
Package texdepends Info: Writing info in 'pr_2226.pdf.mk' on input line 97.
\openout3 = `pr_2226.pdf.mk'.


(/opt/local/share/texmf-texlive/tex/generic/oberdiek/ifpdf.sty
Package: ifpdf 2011/01/30 v2.3 Provides the ifpdf switch (HO)
Package ifpdf Info: pdfTeX in PDF mode is detected.
)
Package texdepends Info: Diverting macro '@fileswith@pti@ns' on input line 243.

Package texdepends Info: Diverting macro '@@fileswith@pti@ns' on input line 244
.
Package texdepends Info: Diverting macro '@onefilewithoptions' on input line 28
5.
Package texdepends Info: Diverting macro '@iinput' on input line 294.
Package texdepends Info: Diverting macro '@input@' on input line 295.
Package texdepends Info: Registering macro 'bibliography' for diversion on inpu
t line 338.
Package texdepends Info: Diverting macro 'bibliographystyle' on input line 339.

Package texdepends Info: Diverting macro 'makeindex' on input line 350.
Package texdepends Info: Diverting macro 'makeglossary' on input line 351.
) (./pr_2226.tex (/opt/local/share/texmf-texlive/tex/latex/base/article.cls
Document Class: article 2007/10/19 v1.4h Standard LaTeX document class
(/opt/local/share/texmf-texlive/tex/latex/base/size11.clo
File: size11.clo 2007/10/19 v1.4h Standard LaTeX file (size option)
)
\c@part=\count79
\c@section=\count80
\c@subsection=\count81
\c@subsubsection=\count82
\c@paragraph=\count83
\c@subparagraph=\count84
\c@figure=\count85
\c@table=\count86
\abovecaptionskip=\skip41
\belowcaptionskip=\skip42
\bibindent=\dimen102
)
(/opt/local/share/texmf-texlive/tex/latex/base/inputenc.sty
Package: inputenc 2008/03/30 v1.1d Input encoding file
\inpenc@prehook=\toks14
\inpenc@posthook=\toks15

(/opt/local/share/texmf-texlive/tex/latex/base/utf8.def
File: utf8.def 2008/04/05 v1.1m UTF-8 support for inputenc
Now handling font encoding OML ...
... no UTF-8 mapping file for font encoding OML
Now handling font encoding T1 ...
... processing UTF-8 mapping file for font encoding T1

(/opt/local/share/texmf-texlive/tex/latex/base/t1enc.dfu
File: t1enc.dfu 2008/04/05 v1.1m UTF-8 support for inputenc
   defining Unicode char U+00A1 (decimal 161)
   defining Unicode char U+00A3 (decimal 163)
   defining Unicode char U+00AB (decimal 171)
   defining Unicode char U+00BB (decimal 187)
   defining Unicode char U+00BF (decimal 191)
   defining Unicode char U+00C0 (decimal 192)
   defining Unicode char U+00C1 (decimal 193)
   defining Unicode char U+00C2 (decimal 194)
   defining Unicode char U+00C3 (decimal 195)
   defining Unicode char U+00C4 (decimal 196)
   defining Unicode char U+00C5 (decimal 197)
   defining Unicode char U+00C6 (decimal 198)
   defining Unicode char U+00C7 (decimal 199)
   defining Unicode char U+00C8 (decimal 200)
   defining Unicode char U+00C9 (decimal 201)
   defining Unicode char U+00CA (decimal 202)
   defining Unicode char U+00CB (decimal 203)
   defining Unicode char U+00CC (decimal 204)
   defining Unicode char U+00CD (decimal 205)
   defining Unicode char U+00CE (decimal 206)
   defining Unicode char U+00CF (decimal 207)
   defining Unicode char U+00D0 (decimal 208)
   defining Unicode char U+00D1 (decimal 209)
   defining Unicode char U+00D2 (decimal 210)
   defining Unicode char U+00D3 (decimal 211)
   defining Unicode char U+00D4 (decimal 212)
   defining Unicode char U+00D5 (decimal 213)
   defining Unicode char U+00D6 (decimal 214)
   defining Unicode char U+00D8 (decimal 216)
   defining Unicode char U+00D9 (decimal 217)
   defining Unicode char U+00DA (decimal 218)
   defining Unicode char U+00DB (decimal 219)
   defining Unicode char U+00DC (decimal 220)
   defining Unicode char U+00DD (decimal 221)
   defining Unicode char U+00DE (decimal 222)
   defining Unicode char U+00DF (decimal 223)
   defining Unicode char U+00E0 (decimal 224)
   defining Unicode char U+00E1 (decimal 225)
   defining Unicode char U+00E2 (decimal 226)
   defining Unicode char U+00E3 (decimal 227)
   defining Unicode char U+00E4 (decimal 228)
   defining Unicode char U+00E5 (decimal 229)
   defining Unicode char U+00E6 (decimal 230)
   defining Unicode char U+00E7 (decimal 231)
   defining Unicode char U+00E8 (decimal 232)
   defining Unicode char U+00E9 (decimal 233)
   defining Unicode char U+00EA (decimal 234)
   defining Unicode char U+00EB (decimal 235)
   defining Unicode char U+00EC (decimal 236)
   defining Unicode char U+00ED (decimal 237)
   defining Unicode char U+00EE (decimal 238)
   defining Unicode char U+00EF (decimal 239)
   defining Unicode char U+00F0 (decimal 240)
   defining Unicode char U+00F1 (decimal 241)
   defining Unicode char U+00F2 (decimal 242)
   defining Unicode char U+00F3 (decimal 243)
   defining Unicode char U+00F4 (decimal 244)
   defining Unicode char U+00F5 (decimal 245)
   defining Unicode char U+00F6 (decimal 246)
   defining Unicode char U+00F8 (decimal 248)
   defining Unicode char U+00F9 (decimal 249)
   defining Unicode char U+00FA (decimal 250)
   defining Unicode char U+00FB (decimal 251)
   defining Unicode char U+00FC (decimal 252)
   defining Unicode char U+00FD (decimal 253)
   defining Unicode char U+00FE (decimal 254)
   defining Unicode char U+00FF (decimal 255)
   defining Unicode char U+0102 (decimal 258)
   defining Unicode char U+0103 (decimal 259)
   defining Unicode char U+0104 (decimal 260)
   defining Unicode char U+0105 (decimal 261)
   defining Unicode char U+0106 (decimal 262)
   defining Unicode char U+0107 (decimal 263)
   defining Unicode char U+010C (decimal 268)
   defining Unicode char U+010D (decimal 269)
   defining Unicode char U+010E (decimal 270)
   defining Unicode char U+010F (decimal 271)
   defining Unicode char U+0110 (decimal 272)
   defining Unicode char U+0111 (decimal 273)
   defining Unicode char U+0118 (decimal 280)
   defining Unicode char U+0119 (decimal 281)
   defining Unicode char U+011A (decimal 282)
   defining Unicode char U+011B (decimal 283)
   defining Unicode char U+011E (decimal 286)
   defining Unicode char U+011F (decimal 287)
   defining Unicode char U+0130 (decimal 304)
   defining Unicode char U+0131 (decimal 305)
   defining Unicode char U+0132 (decimal 306)
   defining Unicode char U+0133 (decimal 307)
   defining Unicode char U+0139 (decimal 313)
   defining Unicode char U+013A (decimal 314)
   defining Unicode char U+013D (decimal 317)
   defining Unicode char U+013E (decimal 318)
   defining Unicode char U+0141 (decimal 321)
   defining Unicode char U+0142 (decimal 322)
   defining Unicode char U+0143 (decimal 323)
   defining Unicode char U+0144 (decimal 324)
   defining Unicode char U+0147 (decimal 327)
   defining Unicode char U+0148 (decimal 328)
   defining Unicode char U+014A (decimal 330)
   defining Unicode char U+014B (decimal 331)
   defining Unicode char U+0150 (decimal 336)
   defining Unicode char U+0151 (decimal 337)
   defining Unicode char U+0152 (decimal 338)
   defining Unicode char U+0153 (decimal 339)
   defining Unicode char U+0154 (decimal 340)
   defining Unicode char U+0155 (decimal 341)
   defining Unicode char U+0158 (decimal 344)
   defining Unicode char U+0159 (decimal 345)
   defining Unicode char U+015A (decimal 346)
   defining Unicode char U+015B (decimal 347)
   defining Unicode char U+015E (decimal 350)
   defining Unicode char U+015F (decimal 351)
   defining Unicode char U+0160 (decimal 352)
   defining Unicode char U+0161 (decimal 353)
   defining Unicode char U+0162 (decimal 354)
   defining Unicode char U+0163 (decimal 355)
   defining Unicode char U+0164 (decimal 356)
   defining Unicode char U+0165 (decimal 357)
   defining Unicode char U+016E (decimal 366)
   defining Unicode char U+016F (decimal 367)
   defining Unicode char U+0170 (decimal 368)
   defining Unicode char U+0171 (decimal 369)
   defining Unicode char U+0178 (decimal 376)
   defining Unicode char U+0179 (decimal 377)
   defining Unicode char U+017A (decimal 378)
   defining Unicode char U+017B (decimal 379)
   defining Unicode char U+017C (decimal 380)
   defining Unicode char U+017D (decimal 381)
   defining Unicode char U+017E (decimal 382)
   defining Unicode char U+200C (decimal 8204)
   defining Unicode char U+2013 (decimal 8211)
   defining Unicode char U+2014 (decimal 8212)
   defining Unicode char U+2018 (decimal 8216)
   defining Unicode char U+2019 (decimal 8217)
   defining Unicode char U+201A (decimal 8218)
   defining Unicode char U+201C (decimal 8220)
   defining Unicode char U+201D (decimal 8221)
   defining Unicode char U+201E (decimal 8222)
   defining Unicode char U+2030 (decimal 8240)
   defining Unicode char U+2031 (decimal 8241)
   defining Unicode char U+2039 (decimal 8249)
   defining Unicode char U+203A (decimal 8250)
   defining Unicode char U+2423 (decimal 9251)
)
Now handling font encoding OT1 ...
... processing UTF-8 mapping file for font encoding OT1

(/opt/local/share/texmf-texlive/tex/latex/base/ot1enc.dfu
File: ot1enc.dfu 2008/04/05 v1.1m UTF-8 support for inputenc
   defining Unicode char U+00A1 (decimal 161)
   defining Unicode char U+00A3 (decimal 163)
   defining Unicode char U+00B8 (decimal 184)
   defining Unicode char U+00BF (decimal 191)
   defining Unicode char U+00C5 (decimal 197)
   defining Unicode char U+00C6 (decimal 198)
   defining Unicode char U+00D8 (decimal 216)
   defining Unicode char U+00DF (decimal 223)
   defining Unicode char U+00E6 (decimal 230)
   defining Unicode char U+00EC (decimal 236)
   defining Unicode char U+00ED (decimal 237)
   defining Unicode char U+00EE (decimal 238)
   defining Unicode char U+00EF (decimal 239)
   defining Unicode char U+00F8 (decimal 248)
   defining Unicode char U+0131 (decimal 305)
   defining Unicode char U+0141 (decimal 321)
   defining Unicode char U+0142 (decimal 322)
   defining Unicode char U+0152 (decimal 338)
   defining Unicode char U+0153 (decimal 339)
   defining Unicode char U+2013 (decimal 8211)
   defining Unicode char U+2014 (decimal 8212)
   defining Unicode char U+2018 (decimal 8216)
   defining Unicode char U+2019 (decimal 8217)
   defining Unicode char U+201C (decimal 8220)
   defining Unicode char U+201D (decimal 8221)
)
Now handling font encoding OMS ...
... processing UTF-8 mapping file for font encoding OMS

(/opt/local/share/texmf-texlive/tex/latex/base/omsenc.dfu
File: omsenc.dfu 2008/04/05 v1.1m UTF-8 support for inputenc
   defining Unicode char U+00A7 (decimal 167)
   defining Unicode char U+00B6 (decimal 182)
   defining Unicode char U+00B7 (decimal 183)
   defining Unicode char U+2020 (decimal 8224)
   defining Unicode char U+2021 (decimal 8225)
   defining Unicode char U+2022 (decimal 8226)
)
Now handling font encoding OMX ...
... no UTF-8 mapping file for font encoding OMX
Now handling font encoding U ...
... no UTF-8 mapping file for font encoding U
   defining Unicode char U+00A9 (decimal 169)
   defining Unicode char U+00AA (decimal 170)
   defining Unicode char U+00AE (decimal 174)
   defining Unicode char U+00BA (decimal 186)
   defining Unicode char U+02C6 (decimal 710)
   defining Unicode char U+02DC (decimal 732)
   defining Unicode char U+200C (decimal 8204)
   defining Unicode char U+2026 (decimal 8230)
   defining Unicode char U+2122 (decimal 8482)
   defining Unicode char U+2423 (decimal 9251)
))
(/opt/local/share/texmf-texlive/tex/latex/base/fontenc.sty
Package: fontenc 2005/09/27 v1.99g Standard LaTeX package

(/opt/local/share/texmf-texlive/tex/latex/base/ot1enc.def
File: ot1enc.def 2005/09/27 v1.99g Standard LaTeX file
LaTeX Font Info:    Redeclaring font encoding OT1 on input line 43.
))
(/opt/local/share/texmf-texlive/tex/generic/babel/babel.sty
Package: babel 2013/05/16 v3.9f The Babel package

(/opt/local/share/texmf-texlive/tex/generic/babel-french/frenchb.ldf
Language: frenchb 2013/05/20 v2.6c French support from the babel system

(/opt/local/share/texmf-texlive/tex/generic/babel/babel.def
File: babel.def 2013/05/16 v3.9f Babel common definitions
\babel@savecnt=\count87
\U@D=\dimen103
)
\FB@interchartokenstateORI=\count88
Package babel Info: Making : an active character on input line 240.
Package babel Info: Making ; an active character on input line 241.
Package babel Info: Making ! an active character on input line 242.
Package babel Info: Making ? an active character on input line 243.
\FB@Mht=\dimen104
\std@mcc=\count89
\dec@mcc=\count90
\listindentFB=\skip43
\labelwidthFB=\skip44
\leftmarginFB=\skip45
\parindentFFN=\dimen105
))
(/opt/local/share/texmf-texlive/tex/latex/carlisle/scalefnt.sty)
(/opt/local/share/texmf-texlive/tex/latex/graphics/keyval.sty
Package: keyval 1999/03/16 v1.13 key=value parser (DPC)
\KV@toks@=\toks16
)
(/opt/local/share/texmf-texlive/tex/latex/fancybox/fancybox.sty
Package: fancybox 2010/05/15 1.4

Style option: `fancybox' v1.4 <2010/05/15> (tvz)
\@fancybox=\box26
\shadowsize=\dimen106
\@Sbox=\box27
\do@VerbBox=\toks17
\the@fancyput=\toks18
\this@fancyput=\toks19
\EndVerbatimTokens=\toks20
\Verbatim@Outfile=\write4
\Verbatim@Infile=\read1
) (/opt/local/share/texmf-texlive/tex/latex/comment/comment.sty
\CommentStream=\write5

Excluding comment 'comment')
(/opt/local/share/texmf-texlive/tex/latex/geometry/geometry.sty
Package: geometry 2010/09/12 v5.6 Page Geometry

(/opt/local/share/texmf-texlive/tex/generic/oberdiek/ifvtex.sty
Package: ifvtex 2010/03/01 v1.5 Detect VTeX and its facilities (HO)
Package ifvtex Info: VTeX not detected.
)
(/opt/local/share/texmf-texlive/tex/generic/ifxetex/ifxetex.sty
Package: ifxetex 2010/09/12 v0.6 Provides ifxetex conditional
)
\Gm@cnth=\count91
\Gm@cntv=\count92
\c@Gm@tempcnt=\count93
\Gm@bindingoffset=\dimen107
\Gm@wd@mp=\dimen108
\Gm@odd@mp=\dimen109
\Gm@even@mp=\dimen110
\Gm@layoutwidth=\dimen111
\Gm@layoutheight=\dimen112
\Gm@layouthoffset=\dimen113
\Gm@layoutvoffset=\dimen114
\Gm@dimlist=\toks21
)
(/opt/local/share/texmf-texlive/tex/latex/eurosym/eurosym.sty
Package: eurosym 1998/08/06 v1.1 European currency symbol ``Euro''
\@eurobox=\box28
)
(/opt/local/share/texmf-texlive/tex/latex/amsfonts/amssymb.sty
Package: amssymb 2013/01/14 v3.01 AMS font symbols

(/opt/local/share/texmf-texlive/tex/latex/amsfonts/amsfonts.sty
Package: amsfonts 2013/01/14 v3.01 Basic AMSFonts support
\@emptytoks=\toks22
\symAMSa=\mathgroup4
\symAMSb=\mathgroup5
LaTeX Font Info:    Overwriting math alphabet `\mathfrak' in version `bold'
(Font)                  U/euf/m/n --> U/euf/b/n on input line 106.
))
(/opt/local/share/texmf-texlive/tex/latex/graphics/graphicx.sty
Package: graphicx 1999/02/16 v1.0f Enhanced LaTeX Graphics (DPC,SPQR)

(/opt/local/share/texmf-texlive/tex/latex/graphics/graphics.sty
Package: graphics 2009/02/05 v1.0o Standard LaTeX Graphics (DPC,SPQR)

(/opt/local/share/texmf-texlive/tex/latex/graphics/trig.sty
Package: trig 1999/03/16 v1.09 sin cos tan (DPC)
)
(/opt/local/share/texmf-texlive/tex/latex/latexconfig/graphics.cfg
File: graphics.cfg 2010/04/23 v1.9 graphics configuration of TeX Live
)
Package graphics Info: Driver file: pdftex.def on input line 91.

(/opt/local/share/texmf-texlive/tex/latex/pdftex-def/pdftex.def
File: pdftex.def 2011/05/27 v0.06d Graphics/color for pdfTeX

(/opt/local/share/texmf-texlive/tex/generic/oberdiek/infwarerr.sty
Package: infwarerr 2010/04/08 v1.3 Providing info/warning/error messages (HO)
)
(/opt/local/share/texmf-texlive/tex/generic/oberdiek/ltxcmds.sty
Package: ltxcmds 2011/11/09 v1.22 LaTeX kernel commands for general use (HO)
)
\Gread@gobject=\count94
))
Package texdepends Info: Postamble for package graphics on input line 25.
Package texdepends Info: Diverting macro 'graphicspath' on input line 25.
Package texdepends Info: Registering macro 'Gin@getbase' for diversion on input
 line 25.
Package texdepends Info: Registering macro 'Ginclude@eps' for diversion on inpu
t line 25.
Package texdepends Info: Registering macro 'Ginclude@pdf' for diversion on inpu
t line 25.
Package texdepends Info: Registering macro 'Gread@eps' for diversion on input l
ine 25.
Package texdepends Info: Registering macro 'Gread@pdf' for diversion on input l
ine 25.
\Gin@req@height=\dimen115
\Gin@req@width=\dimen116
)
(/opt/local/share/texmf-texlive/tex/latex/pdfpages/pdfpages.sty
Package: pdfpages 2012/08/31 v0.4t Insert pages of external PDF documents (AM)

(/opt/local/share/texmf-texlive/tex/latex/tools/calc.sty
Package: calc 2007/08/22 v4.3 Infix arithmetic (KKT,FJ)
\calc@Acount=\count95
\calc@Bcount=\count96
\calc@Adimen=\dimen117
\calc@Bdimen=\dimen118
\calc@Askip=\skip46
\calc@Bskip=\skip47
LaTeX Info: Redefining \setlength on input line 76.
LaTeX Info: Redefining \addtolength on input line 77.
\calc@Ccount=\count97
\calc@Cskip=\skip48
)
(/opt/local/share/texmf-texlive/tex/latex/eso-pic/eso-pic.sty
Package: eso-pic 2010/10/06 v2.0c eso-pic (RN)

(/opt/local/share/texmf-texlive/tex/generic/oberdiek/atbegshi.sty
Package: atbegshi 2011/10/05 v1.16 At begin shipout hook (HO)
)
(/opt/local/share/texmf-texlive/tex/latex/xcolor/xcolor.sty
Package: xcolor 2007/01/21 v2.11 LaTeX color extensions (UK)

(/opt/local/share/texmf-texlive/tex/latex/latexconfig/color.cfg
File: color.cfg 2007/01/18 v1.5 color configuration of teTeX/TeXLive
)
Package xcolor Info: Driver file: pdftex.def on input line 225.
Package xcolor Info: Model `cmy' substituted by `cmy0' on input line 1337.
Package xcolor Info: Model `hsb' substituted by `rgb' on input line 1341.
Package xcolor Info: Model `RGB' extended on input line 1353.
Package xcolor Info: Model `HTML' substituted by `rgb' on input line 1355.
Package xcolor Info: Model `Hsb' substituted by `hsb' on input line 1356.
Package xcolor Info: Model `tHsb' substituted by `hsb' on input line 1357.
Package xcolor Info: Model `HSB' substituted by `hsb' on input line 1358.
Package xcolor Info: Model `Gray' substituted by `gray' on input line 1359.
Package xcolor Info: Model `wave' substituted by `hsb' on input line 1360.
))
(/opt/local/share/texmf-texlive/tex/latex/pdfpages/pppdftex.def
File: pppdftex.def 2012/08/31 v0.4t Pdfpages driver for pdfTeX (AM)
)
\AM@pagebox=\box29
\AM@toc@title=\toks23
\c@AM@survey=\count98
\AM@templatesizebox=\box30
)
(/opt/local/share/texmf/tex/latex/pgf/basiclayer/pgf.sty
(/opt/local/share/texmf/tex/latex/pgf/utilities/pgfrcs.sty
(/opt/local/share/texmf/tex/generic/pgf/utilities/pgfutil-common.tex
\pgfutil@everybye=\toks24
)
(/opt/local/share/texmf/tex/generic/pgf/utilities/pgfutil-latex.def
\pgfutil@abb=\box31

(/opt/local/share/texmf-texlive/tex/latex/ms/everyshi.sty
Package: everyshi 2001/05/15 v3.00 EveryShipout Package (MS)
))
(/opt/local/share/texmf/tex/generic/pgf/utilities/pgfrcs.code.tex
Package: pgfrcs 2010/10/25 v2.10 (rcs-revision 1.24)
))
Package: pgf 2008/01/15 v2.10 (rcs-revision 1.12)

(/opt/local/share/texmf/tex/latex/pgf/basiclayer/pgfcore.sty
(/opt/local/share/texmf/tex/latex/pgf/systemlayer/pgfsys.sty
(/opt/local/share/texmf/tex/generic/pgf/systemlayer/pgfsys.code.tex
Package: pgfsys 2010/06/30 v2.10 (rcs-revision 1.37)

(/opt/local/share/texmf/tex/generic/pgf/utilities/pgfkeys.code.tex
\pgfkeys@pathtoks=\toks25
\pgfkeys@temptoks=\toks26

(/opt/local/share/texmf/tex/generic/pgf/utilities/pgfkeysfiltered.code.tex
\pgfkeys@tmptoks=\toks27
))
\pgf@x=\dimen119
\pgf@y=\dimen120
\pgf@xa=\dimen121
\pgf@ya=\dimen122
\pgf@xb=\dimen123
\pgf@yb=\dimen124
\pgf@xc=\dimen125
\pgf@yc=\dimen126
\w@pgf@writea=\write6
\r@pgf@reada=\read2
\c@pgf@counta=\count99
\c@pgf@countb=\count100
\c@pgf@countc=\count101
\c@pgf@countd=\count102

(/opt/local/share/texmf/tex/generic/pgf/systemlayer/pgf.cfg
File: pgf.cfg 2008/05/14  (rcs-revision 1.7)
)
Package pgfsys Info: Driver file for pgf: pgfsys-pdftex.def on input line 900.

(/opt/local/share/texmf/tex/generic/pgf/systemlayer/pgfsys-pdftex.def
File: pgfsys-pdftex.def 2009/05/22  (rcs-revision 1.26)

(/opt/local/share/texmf/tex/generic/pgf/systemlayer/pgfsys-common-pdf.def
File: pgfsys-common-pdf.def 2008/05/19  (rcs-revision 1.10)
)))
(/opt/local/share/texmf/tex/generic/pgf/systemlayer/pgfsyssoftpath.code.tex
File: pgfsyssoftpath.code.tex 2008/07/18  (rcs-revision 1.7)
\pgfsyssoftpath@smallbuffer@items=\count103
\pgfsyssoftpath@bigbuffer@items=\count104
)
(/opt/local/share/texmf/tex/generic/pgf/systemlayer/pgfsysprotocol.code.tex
File: pgfsysprotocol.code.tex 2006/10/16  (rcs-revision 1.4)
))
(/opt/local/share/texmf/tex/generic/pgf/basiclayer/pgfcore.code.tex
Package: pgfcore 2010/04/11 v2.10 (rcs-revision 1.7)

(/opt/local/share/texmf/tex/generic/pgf/math/pgfmath.code.tex
(/opt/local/share/texmf/tex/generic/pgf/math/pgfmathcalc.code.tex
(/opt/local/share/texmf/tex/generic/pgf/math/pgfmathutil.code.tex)
(/opt/local/share/texmf/tex/generic/pgf/math/pgfmathparser.code.tex
\pgfmath@dimen=\dimen127
\pgfmath@count=\count105
\pgfmath@box=\box32
\pgfmath@toks=\toks28
\pgfmath@stack@operand=\toks29
\pgfmath@stack@operation=\toks30
)
(/opt/local/share/texmf/tex/generic/pgf/math/pgfmathfunctions.code.tex
(/opt/local/share/texmf/tex/generic/pgf/math/pgfmathfunctions.basic.code.tex)
(/opt/local/share/texmf/tex/generic/pgf/math/pgfmathfunctions.trigonometric.cod
e.tex)
(/opt/local/share/texmf/tex/generic/pgf/math/pgfmathfunctions.random.code.tex)
(/opt/local/share/texmf/tex/generic/pgf/math/pgfmathfunctions.comparison.code.t
ex) (/opt/local/share/texmf/tex/generic/pgf/math/pgfmathfunctions.base.code.tex
) (/opt/local/share/texmf/tex/generic/pgf/math/pgfmathfunctions.round.code.tex)
(/opt/local/share/texmf/tex/generic/pgf/math/pgfmathfunctions.misc.code.tex)))
(/opt/local/share/texmf/tex/generic/pgf/math/pgfmathfloat.code.tex
\c@pgfmathroundto@lastzeros=\count106
))
(/opt/local/share/texmf/tex/generic/pgf/basiclayer/pgfcorepoints.code.tex
File: pgfcorepoints.code.tex 2010/04/09  (rcs-revision 1.20)
\pgf@picminx=\dimen128
\pgf@picmaxx=\dimen129
\pgf@picminy=\dimen130
\pgf@picmaxy=\dimen131
\pgf@pathminx=\dimen132
\pgf@pathmaxx=\dimen133
\pgf@pathminy=\dimen134
\pgf@pathmaxy=\dimen135
\pgf@xx=\dimen136
\pgf@xy=\dimen137
\pgf@yx=\dimen138
\pgf@yy=\dimen139
\pgf@zx=\dimen140
\pgf@zy=\dimen141
)
(/opt/local/share/texmf/tex/generic/pgf/basiclayer/pgfcorepathconstruct.code.te
x
File: pgfcorepathconstruct.code.tex 2010/08/03  (rcs-revision 1.24)
\pgf@path@lastx=\dimen142
\pgf@path@lasty=\dimen143
) (/opt/local/share/texmf/tex/generic/pgf/basiclayer/pgfcorepathusage.code.tex
File: pgfcorepathusage.code.tex 2008/04/22  (rcs-revision 1.12)
\pgf@shorten@end@additional=\dimen144
\pgf@shorten@start@additional=\dimen145
) (/opt/local/share/texmf/tex/generic/pgf/basiclayer/pgfcorescopes.code.tex
File: pgfcorescopes.code.tex 2010/09/08  (rcs-revision 1.34)
\pgfpic=\box33
\pgf@hbox=\box34
\pgf@layerbox@main=\box35
\pgf@picture@serial@count=\count107
)
(/opt/local/share/texmf/tex/generic/pgf/basiclayer/pgfcoregraphicstate.code.tex
File: pgfcoregraphicstate.code.tex 2008/04/22  (rcs-revision 1.9)
\pgflinewidth=\dimen146
)
(/opt/local/share/texmf/tex/generic/pgf/basiclayer/pgfcoretransformations.code.
tex
File: pgfcoretransformations.code.tex 2009/06/10  (rcs-revision 1.11)
\pgf@pt@x=\dimen147
\pgf@pt@y=\dimen148
\pgf@pt@temp=\dimen149
) (/opt/local/share/texmf/tex/generic/pgf/basiclayer/pgfcorequick.code.tex
File: pgfcorequick.code.tex 2008/10/09  (rcs-revision 1.3)
)
(/opt/local/share/texmf/tex/generic/pgf/basiclayer/pgfcoreobjects.code.tex
File: pgfcoreobjects.code.tex 2006/10/11  (rcs-revision 1.2)
)
(/opt/local/share/texmf/tex/generic/pgf/basiclayer/pgfcorepathprocessing.code.t
ex
File: pgfcorepathprocessing.code.tex 2008/10/09  (rcs-revision 1.8)
) (/opt/local/share/texmf/tex/generic/pgf/basiclayer/pgfcorearrows.code.tex
File: pgfcorearrows.code.tex 2008/04/23  (rcs-revision 1.11)
)
(/opt/local/share/texmf/tex/generic/pgf/basiclayer/pgfcoreshade.code.tex
File: pgfcoreshade.code.tex 2008/11/23  (rcs-revision 1.13)
\pgf@max=\dimen150
\pgf@sys@shading@range@num=\count108
)
(/opt/local/share/texmf/tex/generic/pgf/basiclayer/pgfcoreimage.code.tex
File: pgfcoreimage.code.tex 2010/03/25  (rcs-revision 1.16)

(/opt/local/share/texmf/tex/generic/pgf/basiclayer/pgfcoreexternal.code.tex
File: pgfcoreexternal.code.tex 2010/09/01  (rcs-revision 1.17)
\pgfexternal@startupbox=\box36
))
(/opt/local/share/texmf/tex/generic/pgf/basiclayer/pgfcorelayers.code.tex
File: pgfcorelayers.code.tex 2010/08/27  (rcs-revision 1.2)
)
(/opt/local/share/texmf/tex/generic/pgf/basiclayer/pgfcoretransparency.code.tex
File: pgfcoretransparency.code.tex 2008/01/17  (rcs-revision 1.2)
) (/opt/local/share/texmf/tex/generic/pgf/basiclayer/pgfcorepatterns.code.tex
File: pgfcorepatterns.code.tex 2009/07/02  (rcs-revision 1.3)
))) (/opt/local/share/texmf/tex/generic/pgf/modules/pgfmoduleshapes.code.tex
File: pgfmoduleshapes.code.tex 2010/09/09  (rcs-revision 1.13)
\pgfnodeparttextbox=\box37
)
(/opt/local/share/texmf/tex/generic/pgf/modules/pgfmoduleplot.code.tex
File: pgfmoduleplot.code.tex 2010/10/22  (rcs-revision 1.8)
)
(/opt/local/share/texmf/tex/latex/pgf/compatibility/pgfcomp-version-0-65.sty
Package: pgfcomp-version-0-65 2007/07/03 v2.10 (rcs-revision 1.7)
\pgf@nodesepstart=\dimen151
\pgf@nodesepend=\dimen152
)
(/opt/local/share/texmf/tex/latex/pgf/compatibility/pgfcomp-version-1-18.sty
Package: pgfcomp-version-1-18 2007/07/23 v2.10 (rcs-revision 1.1)
))
(./pdfswitch.sty
Package: pdfswitch 2003/07/12 Automatic switch between pdf and ps. v0.0.2
 (/opt/local/share/texmf-texlive/tex/latex/ae/ae.sty
Package: ae 2001/02/12 1.3 Almost European Computer Modern

(/opt/local/share/texmf-texlive/tex/latex/base/fontenc.sty
Package: fontenc 2005/09/27 v1.99g Standard LaTeX package

(/opt/local/share/texmf-texlive/tex/latex/base/t1enc.def
File: t1enc.def 2005/09/27 v1.99g Standard LaTeX file
LaTeX Font Info:    Redeclaring font encoding T1 on input line 43.
)
LaTeX Font Info:    Try loading font information for T1+aer on input line 100.

(/opt/local/share/texmf-texlive/tex/latex/ae/t1aer.fd
File: t1aer.fd 1997/11/16 Font definitions for T1/aer.
)))
(/opt/local/share/texmf-texlive/tex/latex/aeguill/aeguill.sty
Package: aeguill 2003/08/02 1.02 AE fonts with french guillemets (D. Roegel)
)
(/opt/local/share/texmf-texlive/tex/latex/hyperref/hyperref.sty
Package: hyperref 2012/11/06 v6.83m Hypertext links for LaTeX

(/opt/local/share/texmf-texlive/tex/generic/oberdiek/hobsub-hyperref.sty
Package: hobsub-hyperref 2012/05/28 v1.13 Bundle oberdiek, subset hyperref (HO)


(/opt/local/share/texmf-texlive/tex/generic/oberdiek/hobsub-generic.sty
Package: hobsub-generic 2012/05/28 v1.13 Bundle oberdiek, subset generic (HO)
Package: hobsub 2012/05/28 v1.13 Construct package bundles (HO)
Package hobsub Info: Skipping package `infwarerr' (already loaded).
Package hobsub Info: Skipping package `ltxcmds' (already loaded).
Package: ifluatex 2010/03/01 v1.3 Provides the ifluatex switch (HO)
Package ifluatex Info: LuaTeX not detected.
Package hobsub Info: Skipping package `ifvtex' (already loaded).
Package: intcalc 2007/09/27 v1.1 Expandable calculations with integers (HO)
Package hobsub Info: Skipping package `ifpdf' (already loaded).
Package: etexcmds 2011/02/16 v1.5 Avoid name clashes with e-TeX commands (HO)
Package etexcmds Info: Could not find \expanded.
(etexcmds)             That can mean that you are not using pdfTeX 1.50 or
(etexcmds)             that some package has redefined \expanded.
(etexcmds)             In the latter case, load this package earlier.
Package: kvsetkeys 2012/04/25 v1.16 Key value parser (HO)
Package: kvdefinekeys 2011/04/07 v1.3 Define keys (HO)
Package: pdftexcmds 2011/11/29 v0.20 Utility functions of pdfTeX for LuaTeX (HO
)
Package pdftexcmds Info: LuaTeX not detected.
Package pdftexcmds Info: \pdf@primitive is available.
Package pdftexcmds Info: \pdf@ifprimitive is available.
Package pdftexcmds Info: \pdfdraftmode found.
Package: pdfescape 2011/11/25 v1.13 Implements pdfTeX's escape features (HO)
Package: bigintcalc 2012/04/08 v1.3 Expandable calculations on big integers (HO
)
Package: bitset 2011/01/30 v1.1 Handle bit-vector datatype (HO)
Package: uniquecounter 2011/01/30 v1.2 Provide unlimited unique counter (HO)
)
Package hobsub Info: Skipping package `hobsub' (already loaded).
Package: letltxmacro 2010/09/02 v1.4 Let assignment for LaTeX macros (HO)
Package: hopatch 2012/05/28 v1.2 Wrapper for package hooks (HO)
Package: xcolor-patch 2011/01/30 xcolor patch
Package: atveryend 2011/06/30 v1.8 Hooks at the very end of document (HO)
Package atveryend Info: \enddocument detected (standard20110627).
Package hobsub Info: Skipping package `atbegshi' (already loaded).
Package: refcount 2011/10/16 v3.4 Data extraction from label references (HO)
Package: hycolor 2011/01/30 v1.7 Color options for hyperref/bookmark (HO)
)
(/opt/local/share/texmf-texlive/tex/latex/oberdiek/auxhook.sty
Package: auxhook 2011/03/04 v1.3 Hooks for auxiliary files (HO)
)
(/opt/local/share/texmf-texlive/tex/latex/oberdiek/kvoptions.sty
Package: kvoptions 2011/06/30 v3.11 Key value format for package options (HO)
)
\@linkdim=\dimen153
\Hy@linkcounter=\count109
\Hy@pagecounter=\count110

(/opt/local/share/texmf-texlive/tex/latex/hyperref/pd1enc.def
File: pd1enc.def 2012/11/06 v6.83m Hyperref: PDFDocEncoding definition (HO)
Now handling font encoding PD1 ...
... no UTF-8 mapping file for font encoding PD1
)
\Hy@SavedSpaceFactor=\count111

(/opt/local/share/texmf-texlive/tex/latex/latexconfig/hyperref.cfg
File: hyperref.cfg 2002/06/06 v1.2 hyperref configuration of TeXLive
)
Package hyperref Info: Option `bookmarks' set `true' on input line 4319.
Package hyperref Info: Option `bookmarksnumbered' set `true' on input line 4319
.
Package hyperref Info: Option `hypertexnames' set `false' on input line 4319.
Package hyperref Info: Option `breaklinks' set `true' on input line 4319.
Package hyperref Info: Option `colorlinks' set `true' on input line 4319.
Package hyperref Info: Option `plainpages' set `false' on input line 4319.
Package hyperref Info: Hyper figures OFF on input line 4443.
Package hyperref Info: Link nesting OFF on input line 4448.
Package hyperref Info: Hyper index ON on input line 4451.
Package hyperref Info: Plain pages OFF on input line 4458.
Package hyperref Info: Backreferencing OFF on input line 4463.
Package hyperref Info: Implicit mode ON; LaTeX internals redefined.
Package hyperref Info: Bookmarks ON on input line 4688.
\c@Hy@tempcnt=\count112

(/opt/local/share/texmf-texlive/tex/latex/url/url.sty
\Urlmuskip=\muskip10
Package: url 2006/04/12  ver 3.3  Verb mode for urls, etc.
)
LaTeX Info: Redefining \url on input line 5041.
\XeTeXLinkMargin=\dimen154
\Fld@menulength=\count113
\Field@Width=\dimen155
\Fld@charsize=\dimen156
Package hyperref Info: Hyper figures OFF on input line 6295.
Package hyperref Info: Link nesting OFF on input line 6300.
Package hyperref Info: Hyper index ON on input line 6303.
Package hyperref Info: backreferencing OFF on input line 6310.
Package hyperref Info: Link coloring ON on input line 6313.
Package hyperref Info: Link coloring with OCG OFF on input line 6320.
Package hyperref Info: PDF/A mode OFF on input line 6325.
LaTeX Info: Redefining \ref on input line 6365.
LaTeX Info: Redefining \pageref on input line 6369.
\Hy@abspage=\count114
\c@Item=\count115
\c@Hfootnote=\count116
)

Package hyperref Message: Driver: hpdftex.

(/opt/local/share/texmf-texlive/tex/latex/hyperref/hpdftex.def
File: hpdftex.def 2012/11/06 v6.83m Hyperref driver for pdfTeX
\Fld@listcount=\count117
\c@bookmark@seq@number=\count118

(/opt/local/share/texmf-texlive/tex/latex/oberdiek/rerunfilecheck.sty
Package: rerunfilecheck 2011/04/15 v1.7 Rerun checks for auxiliary files (HO)
Package uniquecounter Info: New unique counter `rerunfilecheck' on input line 2
82.
)
\Hy@SectionHShift=\skip49
))
(./footbib.sty
Package: footbib 1997/03/28 v2.0 (E.Domenjoud)
\fb@ins=\insert233
\fb@auxout=\write7
\fb@numunit=\count119
\fb@citeunit=\count120
\fb@xrefunit=\count121
\fb@prevpage=\count122
\fb@refcount=\count123
\fb@lbl=\toks31
\fb@txt=\toks32
\fb@citecount=\count124
\fb@lastrefnumunit=\count125
\fb@lblwidth=\dimen157
) (./todonotes.sty
Package: todonotes 2009/08/01 .dtx Todonotes source and documentation.
Package: todonotes 2009/04/02

(/opt/local/share/texmf-texlive/tex/latex/xkeyval/xkeyval.sty
Package: xkeyval 2012/10/14 v2.6b package option processing (HA)

(/opt/local/share/texmf-texlive/tex/generic/xkeyval/xkeyval.tex
\XKV@toks=\toks33
\XKV@tempa@toks=\toks34
\XKV@depth=\count126
File: xkeyval.tex 2012/10/14 v2.6b key=value parser (HA)
))
(/opt/local/share/texmf/tex/latex/pgf/frontendlayer/tikz.sty
(/opt/local/share/texmf/tex/latex/pgf/utilities/pgffor.sty
(/opt/local/share/texmf/tex/latex/pgf/utilities/pgfkeys.sty
(/opt/local/share/texmf/tex/generic/pgf/utilities/pgfkeys.code.tex))
(/opt/local/share/texmf/tex/generic/pgf/utilities/pgffor.code.tex
Package: pgffor 2010/03/23 v2.10 (rcs-revision 1.18)
\pgffor@iter=\dimen158
\pgffor@skip=\dimen159
\pgffor@stack=\toks35
\pgffor@toks=\toks36
))
(/opt/local/share/texmf/tex/generic/pgf/frontendlayer/tikz/tikz.code.tex
Package: tikz 2010/10/13 v2.10 (rcs-revision 1.76)

(/opt/local/share/texmf/tex/generic/pgf/libraries/pgflibraryplothandlers.code.t
ex
File: pgflibraryplothandlers.code.tex 2010/05/31 v2.10 (rcs-revision 1.15)
\pgf@plot@mark@count=\count127
\pgfplotmarksize=\dimen160
)
\tikz@lastx=\dimen161
\tikz@lasty=\dimen162
\tikz@lastxsaved=\dimen163
\tikz@lastysaved=\dimen164
\tikzleveldistance=\dimen165
\tikzsiblingdistance=\dimen166
\tikz@figbox=\box38
\tikz@tempbox=\box39
\tikztreelevel=\count128
\tikznumberofchildren=\count129
\tikznumberofcurrentchild=\count130
\tikz@fig@count=\count131
 (/opt/local/share/texmf/tex/generic/pgf/modules/pgfmodulematrix.code.tex
File: pgfmodulematrix.code.tex 2010/08/24  (rcs-revision 1.4)
\pgfmatrixcurrentrow=\count132
\pgfmatrixcurrentcolumn=\count133
\pgf@matrix@numberofcolumns=\count134
)
\tikz@expandcount=\count135

(/opt/local/share/texmf/tex/generic/pgf/frontendlayer/tikz/libraries/tikzlibrar
ytopaths.code.tex
File: tikzlibrarytopaths.code.tex 2008/06/17 v2.10 (rcs-revision 1.2)
)))
\c@@todonotes@numberoftodonotes=\count136
) (./pr_2226.aux)
\openout1 = `pr_2226.aux'.

LaTeX Font Info:    Checking defaults for OML/cmm/m/it on input line 57.
LaTeX Font Info:    ... okay on input line 57.
LaTeX Font Info:    Checking defaults for T1/cmr/m/n on input line 57.
LaTeX Font Info:    ... okay on input line 57.
LaTeX Font Info:    Checking defaults for OT1/cmr/m/n on input line 57.
LaTeX Font Info:    ... okay on input line 57.
LaTeX Font Info:    Checking defaults for OMS/cmsy/m/n on input line 57.
LaTeX Font Info:    ... okay on input line 57.
LaTeX Font Info:    Checking defaults for OMX/cmex/m/n on input line 57.
LaTeX Font Info:    ... okay on input line 57.
LaTeX Font Info:    Checking defaults for U/cmr/m/n on input line 57.
LaTeX Font Info:    ... okay on input line 57.
LaTeX Font Info:    Checking defaults for PD1/pdf/m/n on input line 57.
LaTeX Font Info:    ... okay on input line 57.
Package texdepends Info: Diverting registered macros... on input line 57.
Package texdepends Info: Diverting macro 'bibliography' on input line 57.
Package texdepends Info: Diverting macro 'Gin@getbase' on input line 57.


Package texdepends Warning: Diverting empty macro 'Ginclude@eps' 
(texdepends)                Probably a bug in texdepends.sty.

Package texdepends Info: Diverting macro 'Ginclude@pdf' on input line 57.
Package texdepends Info: Diverting macro 'Gread@eps' on input line 57.
Package texdepends Info: Diverting macro 'Gread@pdf' on input line 57.
Package texdepends Info: Divertions done on input line 57.
LaTeX Info: Redefining \degres on input line 57.
LaTeX Info: Redefining \dots on input line 57.
LaTeX Info: Redefining \up on input line 57.
*geometry* driver: auto-detecting
*geometry* detected driver: pdftex
*geometry* verbose mode - [ preamble ] result:
* driver: pdftex
* paper: <default>
* layout: <same size as paper>
* layoutoffset:(h,v)=(0.0pt,0.0pt)
* modes: 
* h-part:(L,W,R)=(48.36967pt, 489.10289pt, 76.82243pt)
* v-part:(T,H,B)=(65.44133pt, 652.70622pt, 76.82243pt)
* \paperwidth=614.295pt
* \paperheight=794.96999pt
* \textwidth=489.10289pt
* \textheight=652.70622pt
* \oddsidemargin=-23.90031pt
* \evensidemargin=-23.90031pt
* \topmargin=-18.82866pt
* \headheight=12.0pt
* \headsep=0.0pt
* \topskip=11.0pt
* \footskip=30.0pt
* \marginparwidth=59.0pt
* \marginparsep=10.0pt
* \columnsep=10.0pt
* \skip\footins=10.0pt plus 4.0pt minus 2.0pt
* \hoffset=0.0pt
* \voffset=0.0pt
* \mag=1000
* \@twocolumnfalse
* \@twosidefalse
* \@mparswitchfalse
* \@reversemarginfalse
* (1in=72.27pt=25.4mm, 1cm=28.453pt)

(/opt/local/share/texmf-texlive/tex/context/base/supp-pdf.mkii
[Loading MPS to PDF converter (version 2006.09.02).]
\scratchcounter=\count137
\scratchdimen=\dimen167
\scratchbox=\box40
\nofMPsegments=\count138
\nofMParguments=\count139
\everyMPshowfont=\toks37
\MPscratchCnt=\count140
\MPscratchDim=\dimen168
\MPnumerator=\count141
\makeMPintoPDFobject=\count142
\everyMPtoPDFconversion=\toks38
) (/opt/local/share/texmf-texlive/tex/latex/oberdiek/epstopdf-base.sty
Package: epstopdf-base 2010/02/09 v2.5 Base part for package epstopdf

(/opt/local/share/texmf-texlive/tex/latex/oberdiek/grfext.sty
Package: grfext 2010/08/19 v1.1 Manage graphics extensions (HO)
)
Package grfext Info: Graphics extension search list:
(grfext)             [.png,.pdf,.jpg,.mps,.jpeg,.jbig2,.jb2,.PNG,.PDF,.JPG,.JPE
G,.JBIG2,.JB2,.eps]
(grfext)             \AppendGraphicsExtensions on input line 452.

(/opt/local/share/texmf-texlive/tex/latex/latexconfig/epstopdf-sys.cfg
File: epstopdf-sys.cfg 2010/07/13 v1.3 Configuration of (r)epstopdf for TeX Liv
e
))
\AtBeginShipoutBox=\box41

ABD: EveryShipout initializing macros
Package hyperref Info: Link coloring ON on input line 57.

(/opt/local/share/texmf-texlive/tex/latex/hyperref/nameref.sty
Package: nameref 2012/10/27 v2.43 Cross-referencing by name of section

(/opt/local/share/texmf-texlive/tex/generic/oberdiek/gettitlestring.sty
Package: gettitlestring 2010/12/03 v1.4 Cleanup title references (HO)
)
\c@section@level=\count143
)
LaTeX Info: Redefining \ref on input line 57.
LaTeX Info: Redefining \pageref on input line 57.
LaTeX Info: Redefining \nameref on input line 57.

(./pr_2226.out) (./pr_2226.out)
\@outlinefile=\write8
\openout8 = `pr_2226.out'.


No file pr_2226.fb.bbl.
(./pr_2226.fb.aux)
\openout7 = `pr_2226.fb.aux'.


Overfull \hbox (28.45274pt too wide) in paragraph at lines 66--67
[][] 
 []

[1

{/opt/local/var/db/texmf/fonts/map/pdftex/updmap/pdftex.map}] [2]
(./pr_2226.toc
LaTeX Font Info:    Try loading font information for U+msa on input line 3.
 (/opt/local/share/texmf-texlive/tex/latex/amsfonts/umsa.fd
File: umsa.fd 2013/01/14 v3.01 AMS symbols A
)
LaTeX Font Info:    Try loading font information for U+msb on input line 3.

(/opt/local/share/texmf-texlive/tex/latex/amsfonts/umsb.fd
File: umsb.fd 2013/01/14 v3.01 AMS symbols B
))
\tf@toc=\write9
\openout9 = `pr_2226.toc'.

 [3]
LaTeX Font Info:    Try loading font information for T1+aett on input line 130.


(/opt/local/share/texmf-texlive/tex/latex/ae/t1aett.fd
File: t1aett.fd 1997/11/16 Font definitions for T1/aett.
)
Overfull \hbox (184.20047pt too wide) in paragraph at lines 118--135
[] 
 []


Underfull \hbox (badness 10000) in paragraph at lines 185--186

 []

[4]
Underfull \hbox (badness 10000) in paragraph at lines 232--236

 []


Underfull \hbox (badness 10000) in paragraph at lines 238--239

 []


Underfull \hbox (badness 10000) in paragraph at lines 240--242

 []

[5] [6]
Underfull \hbox (badness 10000) in paragraph at lines 296--297

 []


LaTeX Font Warning: Font shape `T1/aer/bx/sc' undefined
(Font)              using `T1/aer/bx/n' instead on input line 304.


Package footbib Warning: Citation `Violard92' on page 7 undefined on input line
 307.

[7]

Package footbib Warning: Citation `Foster97' on page 8 undefined on input line 
345.


Package footbib Warning: Citation `Foster98' on page 8 undefined on input line 
345.


Underfull \hbox (badness 10000) in paragraph at lines 388--424

 []

[8]

Package footbib Warning: Citation `icps-2008-208' on page 9 undefined on input 
line 429.


Underfull \hbox (badness 10000) in paragraph at lines 449--464

 []

[9]

Package footbib Warning: Citation `Casanova08' on page 10 undefined on input li
ne 467.


Underfull \hbox (badness 10000) in paragraph at lines 465--475

 []

[10]
Underfull \hbox (badness 10000) in paragraph at lines 509--513

 []

[11] [12]
Underfull \hbox (badness 10000) in paragraph at lines 758--759

 []


Underfull \hbox (badness 10000) in paragraph at lines 773--774

 []


Underfull \hbox (badness 10000) in paragraph at lines 785--786

 []


Underfull \hbox (badness 10000) in paragraph at lines 788--789

 []


Underfull \hbox (badness 10000) in paragraph at lines 791--797

 []


Underfull \hbox (badness 10000) in paragraph at lines 799--803

 []

[13]
Underfull \hbox (badness 10000) in paragraph at lines 809--815

 []


Underfull \hbox (badness 10000) in paragraph at lines 817--826

 []


Underfull \hbox (badness 10000) in paragraph at lines 829--836

 []


Underfull \hbox (badness 10000) in paragraph at lines 838--840

 []


Underfull \hbox (badness 10000) in paragraph at lines 858--862

 []


Underfull \hbox (badness 10000) in paragraph at lines 864--869

 []


Underfull \hbox (badness 10000) in paragraph at lines 871--876

 []


Underfull \hbox (badness 10000) in paragraph at lines 884--888

 []

[14]
Underfull \hbox (badness 10000) in paragraph at lines 890--895

 []


Underfull \hbox (badness 10000) in paragraph at lines 912--915

 []


Underfull \hbox (badness 10000) in paragraph at lines 917--922

 []


Underfull \hbox (badness 10000) in paragraph at lines 923--934

 []


Underfull \hbox (badness 10000) in paragraph at lines 936--944

 []


Underfull \hbox (badness 10000) in paragraph at lines 946--959

 []

[15]
Underfull \hbox (badness 10000) in paragraph at lines 987--993

 []


Underfull \hbox (badness 10000) in paragraph at lines 1053--1054

 []

[16]
Underfull \hbox (badness 10000) in paragraph at lines 1078--1098

 []


Package footbib Warning: Citation `Cappello07' on page 17 undefined on input li
ne 1110.


Underfull \hbox (badness 10000) in paragraph at lines 1099--1111

 []

[17]
Underfull \hbox (badness 10000) in paragraph at lines 1141--1176

 []


Underfull \hbox (badness 10000) in paragraph at lines 1209--1214

 []

[18]
Underfull \hbox (badness 10000) in paragraph at lines 1215--1222

 []


Package footbib Warning: Citation `Wu09' on page 19 undefined on input line 123
1.


Underfull \hbox (badness 10000) in paragraph at lines 1224--1238

 []

[19]
Underfull \hbox (badness 10000) in paragraph at lines 1331--1339

 []


Underfull \hbox (badness 2846) in paragraph at lines 1396--1396
[]\T1/aer/m/n/9 Applications dis-tri-buées, pa-ral-lé-
 []


Underfull \hbox (badness 2846) in paragraph at lines 1402--1402
[]\T1/aer/m/n/9 Applications dis-tri-buées, pa-ral-lé-
 []

[20]
Underfull \hbox (badness 10000) in paragraph at lines 1417--1419

 []

[21]
Underfull \hbox (badness 10000) in paragraph at lines 1447--1448

 []


Underfull \hbox (badness 10000) in paragraph at lines 1456--1457

 []


Underfull \hbox (badness 10000) in paragraph at lines 1466--1467

 []


Underfull \hbox (badness 10000) in paragraph at lines 1477--1478

 []


Underfull \hbox (badness 10000) in paragraph at lines 1514--1515

 []

[22]
Underfull \hbox (badness 10000) in paragraph at lines 1530--1531

 []


Underfull \hbox (badness 10000) in paragraph at lines 1533--1536

 []


Underfull \hbox (badness 10000) in paragraph at lines 1541--1542

 []


Underfull \hbox (badness 10000) in paragraph at lines 1548--1549

 []


Underfull \hbox (badness 10000) in paragraph at lines 1566--1582

 []

[23]
Underfull \hbox (badness 10000) in paragraph at lines 1611--1628

 []


Underfull \hbox (badness 10000) in paragraph at lines 1629--1670

 []

[24] [25]
Underfull \hbox (badness 10000) in paragraph at lines 1777--1778

 []

[26] <fiche_candidature.pdf, id=465, page=1, 597.23125pt x 845.1575pt>
File: fiche_candidature.pdf Graphic file (type pdf)

<use fiche_candidature.pdf, page 1>
Package pdftex.def Info: fiche_candidature.pdf, page1 used on input line 1790.
(pdftex.def)             Requested size: 597.22978pt x 845.15544pt.
File: fiche_candidature.pdf Graphic file (type pdf)
 <use fiche_candidature.pdf, page 1>
Package pdftex.def Info: fiche_candidature.pdf, page1 used on input line 1790.
(pdftex.def)             Requested size: 561.86221pt x 795.10587pt.
File: fiche_candidature.pdf Graphic file (type pdf)

<use fiche_candidature.pdf, page 1>
Package pdftex.def Info: fiche_candidature.pdf, page1 used on input line 1790.
(pdftex.def)             Requested size: 561.86221pt x 795.10587pt.
File: fiche_candidature.pdf Graphic file (type pdf)
 <use fiche_candidature.pdf, page 1>
Package pdftex.def Info: fiche_candidature.pdf, page1 used on input line 1790.
(pdftex.def)             Requested size: 561.86221pt x 795.10587pt.
File: fiche_candidature.pdf Graphic file (type pdf)

<use fiche_candidature.pdf, page 1>
Package pdftex.def Info: fiche_candidature.pdf, page1 used on input line 1790.
(pdftex.def)             Requested size: 561.86221pt x 795.10587pt.
 [27 <./fiche_candidature.pdf>]
<fiche_candidature.pdf, id=475, page=2, 597.23125pt x 845.1575pt>
File: fiche_candidature.pdf Graphic file (type pdf)

<use fiche_candidature.pdf, page 2>
Package pdftex.def Info: fiche_candidature.pdf, page2 used on input line 1790.
(pdftex.def)             Requested size: 561.86221pt x 795.10587pt.
File: fiche_candidature.pdf Graphic file (type pdf)
 <use fiche_candidature.pdf, page 2>
Package pdftex.def Info: fiche_candidature.pdf, page2 used on input line 1790.
(pdftex.def)             Requested size: 561.86221pt x 795.10587pt.
File: fiche_candidature.pdf Graphic file (type pdf)

<use fiche_candidature.pdf, page 2>
Package pdftex.def Info: fiche_candidature.pdf, page2 used on input line 1790.
(pdftex.def)             Requested size: 561.86221pt x 795.10587pt.
 [28 <./fiche_candidature.pdf>]
<genaud_id.pdf, id=512, page=1, 339.65334pt x 503.23218pt>
File: genaud_id.pdf Graphic file (type pdf)

<use genaud_id.pdf, page 1>
Package pdftex.def Info: genaud_id.pdf, page1 used on input line 1791.
(pdftex.def)             Requested size: 339.6525pt x 503.23094pt.
File: genaud_id.pdf Graphic file (type pdf)
 <use genaud_id.pdf, page 1>
Package pdftex.def Info: genaud_id.pdf, page1 used on input line 1791.
(pdftex.def)             Requested size: 536.80185pt x 795.32849pt.
File: genaud_id.pdf Graphic file (type pdf)

<use genaud_id.pdf, page 1>
Package pdftex.def Info: genaud_id.pdf, page1 used on input line 1791.
(pdftex.def)             Requested size: 536.80185pt x 795.32849pt.
File: genaud_id.pdf Graphic file (type pdf)
 <use genaud_id.pdf, page 1>
Package pdftex.def Info: genaud_id.pdf, page1 used on input line 1791.
(pdftex.def)             Requested size: 536.80185pt x 795.32849pt.
File: genaud_id.pdf Graphic file (type pdf)

<use genaud_id.pdf, page 1>
Package pdftex.def Info: genaud_id.pdf, page1 used on input line 1791.
(pdftex.def)             Requested size: 536.80185pt x 795.32849pt.
 [29 <./genaud_id.pdf>]
<attestation_hdr_steph.jpg, id=525, 576.7146pt x 827.7324pt>
File: attestation_hdr_steph.jpg Graphic file (type jpg)

<use attestation_hdr_steph.jpg>
Package pdftex.def Info: attestation_hdr_steph.jpg used on input line 1792.
(pdftex.def)             Requested size: 445.6908pt x 639.6493pt.
 [30 <./attestation_hdr_steph.jpg>]
<rapport_soutenance.pdf, id=532, page=1, 597.432pt x 845.07718pt>
File: rapport_soutenance.pdf Graphic file (type pdf)

<use rapport_soutenance.pdf, page 1>
Package pdftex.def Info: rapport_soutenance.pdf, page1 used on input line 1793.

(pdftex.def)             Requested size: 597.43054pt x 845.07512pt.
File: rapport_soutenance.pdf Graphic file (type pdf)
 <use rapport_soutenance.pdf, page 1>
Package pdftex.def Info: rapport_soutenance.pdf, page1 used on input line 1793.

(pdftex.def)             Requested size: 562.05109pt x 795.0303pt.
File: rapport_soutenance.pdf Graphic file (type pdf)

<use rapport_soutenance.pdf, page 1>
Package pdftex.def Info: rapport_soutenance.pdf, page1 used on input line 1793.

(pdftex.def)             Requested size: 562.05109pt x 795.0303pt.
File: rapport_soutenance.pdf Graphic file (type pdf)
 <use rapport_soutenance.pdf, page 1>
Package pdftex.def Info: rapport_soutenance.pdf, page1 used on input line 1793.

(pdftex.def)             Requested size: 562.05109pt x 795.0303pt.
File: rapport_soutenance.pdf Graphic file (type pdf)

<use rapport_soutenance.pdf, page 1>
Package pdftex.def Info: rapport_soutenance.pdf, page1 used on input line 1793.

(pdftex.def)             Requested size: 562.05109pt x 795.0303pt.
 [31 <./rapport_soutenance.pdf>]
<rapport_Cerin.pdf, id=542, page=1, 597.432pt x 845.07718pt>
File: rapport_Cerin.pdf Graphic file (type pdf)

<use rapport_Cerin.pdf, page 1>
Package pdftex.def Info: rapport_Cerin.pdf, page1 used on input line 1794.
(pdftex.def)             Requested size: 597.43054pt x 845.07512pt.
File: rapport_Cerin.pdf Graphic file (type pdf)
 <use rapport_Cerin.pdf, page 1>
Package pdftex.def Info: rapport_Cerin.pdf, page1 used on input line 1794.
(pdftex.def)             Requested size: 562.05109pt x 795.0303pt.
File: rapport_Cerin.pdf Graphic file (type pdf)

<use rapport_Cerin.pdf, page 1>
Package pdftex.def Info: rapport_Cerin.pdf, page1 used on input line 1794.
(pdftex.def)             Requested size: 562.05109pt x 795.0303pt.
File: rapport_Cerin.pdf Graphic file (type pdf)
 <use rapport_Cerin.pdf, page 1>
Package pdftex.def Info: rapport_Cerin.pdf, page1 used on input line 1794.
(pdftex.def)             Requested size: 562.05109pt x 795.0303pt.
File: rapport_Cerin.pdf Graphic file (type pdf)

<use rapport_Cerin.pdf, page 1>
Package pdftex.def Info: rapport_Cerin.pdf, page1 used on input line 1794.
(pdftex.def)             Requested size: 562.05109pt x 795.0303pt.
 [32 <./rapport_Cerin.pdf>]
<rapport_Cerin.pdf, id=549, page=2, 597.432pt x 845.07718pt>
File: rapport_Cerin.pdf Graphic file (type pdf)

<use rapport_Cerin.pdf, page 2>
Package pdftex.def Info: rapport_Cerin.pdf, page2 used on input line 1794.
(pdftex.def)             Requested size: 562.05109pt x 795.0303pt.
File: rapport_Cerin.pdf Graphic file (type pdf)
 <use rapport_Cerin.pdf, page 2>
Package pdftex.def Info: rapport_Cerin.pdf, page2 used on input line 1794.
(pdftex.def)             Requested size: 562.05109pt x 795.0303pt.
File: rapport_Cerin.pdf Graphic file (type pdf)

<use rapport_Cerin.pdf, page 2>
Package pdftex.def Info: rapport_Cerin.pdf, page2 used on input line 1794.
(pdftex.def)             Requested size: 562.05109pt x 795.0303pt.
 [33 <./rapport_Cerin.pdf>]
<rapport_Cerin.pdf, id=555, page=3, 597.432pt x 845.07718pt>
File: rapport_Cerin.pdf Graphic file (type pdf)

<use rapport_Cerin.pdf, page 3>
Package pdftex.def Info: rapport_Cerin.pdf, page3 used on input line 1794.
(pdftex.def)             Requested size: 562.05109pt x 795.0303pt.
File: rapport_Cerin.pdf Graphic file (type pdf)
 <use rapport_Cerin.pdf, page 3>
Package pdftex.def Info: rapport_Cerin.pdf, page3 used on input line 1794.
(pdftex.def)             Requested size: 562.05109pt x 795.0303pt.
File: rapport_Cerin.pdf Graphic file (type pdf)

<use rapport_Cerin.pdf, page 3>
Package pdftex.def Info: rapport_Cerin.pdf, page3 used on input line 1794.
(pdftex.def)             Requested size: 562.05109pt x 795.0303pt.
 [34 <./rapport_Cerin.pdf>]
<rapport_Cerin.pdf, id=561, page=4, 597.432pt x 845.07718pt>
File: rapport_Cerin.pdf Graphic file (type pdf)

<use rapport_Cerin.pdf, page 4>
Package pdftex.def Info: rapport_Cerin.pdf, page4 used on input line 1794.
(pdftex.def)             Requested size: 562.05109pt x 795.0303pt.
File: rapport_Cerin.pdf Graphic file (type pdf)
 <use rapport_Cerin.pdf, page 4>
Package pdftex.def Info: rapport_Cerin.pdf, page4 used on input line 1794.
(pdftex.def)             Requested size: 562.05109pt x 795.0303pt.
File: rapport_Cerin.pdf Graphic file (type pdf)

<use rapport_Cerin.pdf, page 4>
Package pdftex.def Info: rapport_Cerin.pdf, page4 used on input line 1794.
(pdftex.def)             Requested size: 562.05109pt x 795.0303pt.
 [35 <./rapport_Cerin.pdf>]
<rapport_Cerin.pdf, id=567, page=5, 597.432pt x 845.07718pt>
File: rapport_Cerin.pdf Graphic file (type pdf)

<use rapport_Cerin.pdf, page 5>
Package pdftex.def Info: rapport_Cerin.pdf, page5 used on input line 1794.
(pdftex.def)             Requested size: 562.05109pt x 795.0303pt.
File: rapport_Cerin.pdf Graphic file (type pdf)
 <use rapport_Cerin.pdf, page 5>
Package pdftex.def Info: rapport_Cerin.pdf, page5 used on input line 1794.
(pdftex.def)             Requested size: 562.05109pt x 795.0303pt.
File: rapport_Cerin.pdf Graphic file (type pdf)

<use rapport_Cerin.pdf, page 5>
Package pdftex.def Info: rapport_Cerin.pdf, page5 used on input line 1794.
(pdftex.def)             Requested size: 562.05109pt x 795.0303pt.
 [36 <./rapport_Cerin.pdf>]
<rapport_Desprez.pdf, id=575, page=1, 597.6729pt x 845.55902pt>
File: rapport_Desprez.pdf Graphic file (type pdf)

<use rapport_Desprez.pdf, page 1>
Package pdftex.def Info: rapport_Desprez.pdf, page1 used on input line 1795.
(pdftex.def)             Requested size: 597.67143pt x 845.55696pt.
File: rapport_Desprez.pdf Graphic file (type pdf)
 <use rapport_Desprez.pdf, page 1>
Package pdftex.def Info: rapport_Desprez.pdf, page1 used on input line 1795.
(pdftex.def)             Requested size: 562.27771pt x 795.48361pt.
File: rapport_Desprez.pdf Graphic file (type pdf)

<use rapport_Desprez.pdf, page 1>
Package pdftex.def Info: rapport_Desprez.pdf, page1 used on input line 1795.
(pdftex.def)             Requested size: 562.27771pt x 795.48361pt.
File: rapport_Desprez.pdf Graphic file (type pdf)
 <use rapport_Desprez.pdf, page 1>
Package pdftex.def Info: rapport_Desprez.pdf, page1 used on input line 1795.
(pdftex.def)             Requested size: 562.27771pt x 795.48361pt.
File: rapport_Desprez.pdf Graphic file (type pdf)

<use rapport_Desprez.pdf, page 1>
Package pdftex.def Info: rapport_Desprez.pdf, page1 used on input line 1795.
(pdftex.def)             Requested size: 562.27771pt x 795.48361pt.
 [37 <./rapport_Desprez.pdf>]
<rapport_Desprez.pdf, id=629, page=2, 597.6729pt x 845.55902pt>
File: rapport_Desprez.pdf Graphic file (type pdf)

<use rapport_Desprez.pdf, page 2>
Package pdftex.def Info: rapport_Desprez.pdf, page2 used on input line 1795.
(pdftex.def)             Requested size: 562.27771pt x 795.48361pt.
File: rapport_Desprez.pdf Graphic file (type pdf)
 <use rapport_Desprez.pdf, page 2>
Package pdftex.def Info: rapport_Desprez.pdf, page2 used on input line 1795.
(pdftex.def)             Requested size: 562.27771pt x 795.48361pt.
File: rapport_Desprez.pdf Graphic file (type pdf)

<use rapport_Desprez.pdf, page 2>
Package pdftex.def Info: rapport_Desprez.pdf, page2 used on input line 1795.
(pdftex.def)             Requested size: 562.27771pt x 795.48361pt.
 [38 <./rapport_Desprez.pdf>]
<rapport_Priol.pdf, id=651, page=1, 597.432pt x 845.07718pt>
File: rapport_Priol.pdf Graphic file (type pdf)

<use rapport_Priol.pdf, page 1>
Package pdftex.def Info: rapport_Priol.pdf, page1 used on input line 1796.
(pdftex.def)             Requested size: 597.43054pt x 845.07512pt.
File: rapport_Priol.pdf Graphic file (type pdf)
 <use rapport_Priol.pdf, page 1>
Package pdftex.def Info: rapport_Priol.pdf, page1 used on input line 1796.
(pdftex.def)             Requested size: 562.05109pt x 795.0303pt.
File: rapport_Priol.pdf Graphic file (type pdf)

<use rapport_Priol.pdf, page 1>
Package pdftex.def Info: rapport_Priol.pdf, page1 used on input line 1796.
(pdftex.def)             Requested size: 562.05109pt x 795.0303pt.
File: rapport_Priol.pdf Graphic file (type pdf)
 <use rapport_Priol.pdf, page 1>
Package pdftex.def Info: rapport_Priol.pdf, page1 used on input line 1796.
(pdftex.def)             Requested size: 562.05109pt x 795.0303pt.
File: rapport_Priol.pdf Graphic file (type pdf)

<use rapport_Priol.pdf, page 1>
Package pdftex.def Info: rapport_Priol.pdf, page1 used on input line 1796.
(pdftex.def)             Requested size: 562.05109pt x 795.0303pt.
 [39 <./rapport_Priol.pdf>]
<rapport_Priol.pdf, id=658, page=2, 597.432pt x 845.07718pt>
File: rapport_Priol.pdf Graphic file (type pdf)

<use rapport_Priol.pdf, page 2>
Package pdftex.def Info: rapport_Priol.pdf, page2 used on input line 1796.
(pdftex.def)             Requested size: 562.05109pt x 795.0303pt.
File: rapport_Priol.pdf Graphic file (type pdf)
 <use rapport_Priol.pdf, page 2>
Package pdftex.def Info: rapport_Priol.pdf, page2 used on input line 1796.
(pdftex.def)             Requested size: 562.05109pt x 795.0303pt.
File: rapport_Priol.pdf Graphic file (type pdf)

<use rapport_Priol.pdf, page 2>
Package pdftex.def Info: rapport_Priol.pdf, page2 used on input line 1796.
(pdftex.def)             Requested size: 562.05109pt x 795.0303pt.
 [40 <./rapport_Priol.pdf>]
<reco_tellier.pdf, id=666, page=1, 596.58884pt x 843.75223pt>
File: reco_tellier.pdf Graphic file (type pdf)

<use reco_tellier.pdf, page 1>
Package pdftex.def Info: reco_tellier.pdf, page1 used on input line 1797.
(pdftex.def)             Requested size: 596.58737pt x 843.75017pt.
File: reco_tellier.pdf Graphic file (type pdf)
 <use reco_tellier.pdf, page 1>
Package pdftex.def Info: reco_tellier.pdf, page1 used on input line 1797.
(pdftex.def)             Requested size: 562.59601pt x 795.67638pt.
File: reco_tellier.pdf Graphic file (type pdf)

<use reco_tellier.pdf, page 1>
Package pdftex.def Info: reco_tellier.pdf, page1 used on input line 1797.
(pdftex.def)             Requested size: 562.59601pt x 795.67638pt.
File: reco_tellier.pdf Graphic file (type pdf)
 <use reco_tellier.pdf, page 1>
Package pdftex.def Info: reco_tellier.pdf, page1 used on input line 1797.
(pdftex.def)             Requested size: 562.59601pt x 795.67638pt.
File: reco_tellier.pdf Graphic file (type pdf)

<use reco_tellier.pdf, page 1>
Package pdftex.def Info: reco_tellier.pdf, page1 used on input line 1797.
(pdftex.def)             Requested size: 562.59601pt x 795.67638pt.
 [41 <./reco_tellier.pdf>]
<reco_rice.pdf, id=675, page=1, 597.432pt x 845.07718pt>
File: reco_rice.pdf Graphic file (type pdf)

<use reco_rice.pdf, page 1>
Package pdftex.def Info: reco_rice.pdf, page1 used on input line 1798.
(pdftex.def)             Requested size: 597.43054pt x 845.07512pt.
File: reco_rice.pdf Graphic file (type pdf)
 <use reco_rice.pdf, page 1>
Package pdftex.def Info: reco_rice.pdf, page1 used on input line 1798.
(pdftex.def)             Requested size: 562.05109pt x 795.0303pt.
File: reco_rice.pdf Graphic file (type pdf)

<use reco_rice.pdf, page 1>
Package pdftex.def Info: reco_rice.pdf, page1 used on input line 1798.
(pdftex.def)             Requested size: 562.05109pt x 795.0303pt.
File: reco_rice.pdf Graphic file (type pdf)
 <use reco_rice.pdf, page 1>
Package pdftex.def Info: reco_rice.pdf, page1 used on input line 1798.
(pdftex.def)             Requested size: 562.05109pt x 795.0303pt.
File: reco_rice.pdf Graphic file (type pdf)

<use reco_rice.pdf, page 1>
Package pdftex.def Info: reco_rice.pdf, page1 used on input line 1798.
(pdftex.def)             Requested size: 562.05109pt x 795.0303pt.
 [42 <./reco_rice.pdf>]
<reco_babak.pdf, id=684, page=1, 597.6729pt x 845.19763pt>
File: reco_babak.pdf Graphic file (type pdf)

<use reco_babak.pdf, page 1>
Package pdftex.def Info: reco_babak.pdf, page1 used on input line 1799.
(pdftex.def)             Requested size: 597.67143pt x 845.19557pt.
File: reco_babak.pdf Graphic file (type pdf)
 <use reco_babak.pdf, page 1>
Package pdftex.def Info: reco_babak.pdf, page1 used on input line 1799.
(pdftex.def)             Requested size: 562.27771pt x 795.14362pt.
File: reco_babak.pdf Graphic file (type pdf)

<use reco_babak.pdf, page 1>
Package pdftex.def Info: reco_babak.pdf, page1 used on input line 1799.
(pdftex.def)             Requested size: 562.27771pt x 795.14362pt.
File: reco_babak.pdf Graphic file (type pdf)
 <use reco_babak.pdf, page 1>
Package pdftex.def Info: reco_babak.pdf, page1 used on input line 1799.
(pdftex.def)             Requested size: 562.27771pt x 795.14362pt.
File: reco_babak.pdf Graphic file (type pdf)

<use reco_babak.pdf, page 1>
Package pdftex.def Info: reco_babak.pdf, page1 used on input line 1799.
(pdftex.def)             Requested size: 562.27771pt x 795.14362pt.
 [43 <./reco_babak.pdf>]
<reco_jens.pdf, id=695, page=1, 614.295pt x 794.97pt>
File: reco_jens.pdf Graphic file (type pdf)

<use reco_jens.pdf, page 1>
Package pdftex.def Info: reco_jens.pdf, page1 used on input line 1800.
(pdftex.def)             Requested size: 614.29349pt x 794.96806pt.
File: reco_jens.pdf Graphic file (type pdf)
 <use reco_jens.pdf, page 1>
Package pdftex.def Info: reco_jens.pdf, page1 used on input line 1800.
(pdftex.def)             Requested size: 614.58406pt x 795.3441pt.
File: reco_jens.pdf Graphic file (type pdf)

<use reco_jens.pdf, page 1>
Package pdftex.def Info: reco_jens.pdf, page1 used on input line 1800.
(pdftex.def)             Requested size: 614.58406pt x 795.3441pt.
File: reco_jens.pdf Graphic file (type pdf)
 <use reco_jens.pdf, page 1>
Package pdftex.def Info: reco_jens.pdf, page1 used on input line 1800.
(pdftex.def)             Requested size: 614.58406pt x 795.3441pt.
File: reco_jens.pdf Graphic file (type pdf)

<use reco_jens.pdf, page 1>
Package pdftex.def Info: reco_jens.pdf, page1 used on input line 1800.
(pdftex.def)             Requested size: 614.58406pt x 795.3441pt.
 [44 <./reco_jens.pdf>]
<reco_jens.pdf, id=986, page=2, 614.295pt x 794.97pt>
File: reco_jens.pdf Graphic file (type pdf)

<use reco_jens.pdf, page 2>
Package pdftex.def Info: reco_jens.pdf, page2 used on input line 1800.
(pdftex.def)             Requested size: 614.58406pt x 795.3441pt.
File: reco_jens.pdf Graphic file (type pdf)
 <use reco_jens.pdf, page 2>
Package pdftex.def Info: reco_jens.pdf, page2 used on input line 1800.
(pdftex.def)             Requested size: 614.58406pt x 795.3441pt.
File: reco_jens.pdf Graphic file (type pdf)

<use reco_jens.pdf, page 2>
Package pdftex.def Info: reco_jens.pdf, page2 used on input line 1800.
(pdftex.def)             Requested size: 614.58406pt x 795.3441pt.
 [45 <./reco_jens.pdf>]
Underfull \hbox (badness 10000) in paragraph at lines 1812--1817

 []


Underfull \hbox (badness 10000) in paragraph at lines 1819--1823

 []


Underfull \hbox (badness 10000) in paragraph at lines 1825--1829

 []


Underfull \hbox (badness 10000) in paragraph at lines 1831--1835

 []


Underfull \hbox (badness 10000) in paragraph at lines 1837--1841

 []


Underfull \hbox (badness 10000) in paragraph at lines 1843--1847

 []

[46] (./pr_2226.fb.aux)

Package footbib Warning: Bibliography not yet stable. Rerun LaTeX.

Package atveryend Info: Empty hook `BeforeClearDocument' on input line 1850.
Package atveryend Info: Empty hook `AfterLastShipout' on input line 1850.
(./pr_2226.aux)
Package atveryend Info: Executing hook `AtVeryEndDocument' on input line 1850.
Package atveryend Info: Executing hook `AtEndAfterFileList' on input line 1850.

Package rerunfilecheck Info: File `pr_2226.out' has not changed.
(rerunfilecheck)             Checksum: DA032E9A4BD9F643A072C82AF69BBD8C;2420.


LaTeX Font Warning: Some font shapes were not available, defaults substituted.


LaTeX Warning: There were undefined references.


LaTeX Warning: Label(s) may have changed. Rerun to get cross-references right.

Package atveryend Info: Empty hook `AtVeryVeryEnd' on input line 1850.
 ) 
Here is how much of TeX's memory you used:
 17548 strings out of 494181
 301436 string characters out of 6156676
 394963 words of memory out of 5000000
 20207 multiletter control sequences out of 15000+600000
 62939 words of font info for 129 fonts, out of 8000000 for 9000
 470 hyphenation exceptions out of 8191
 56i,18n,59p,556b,560s stack positions out of 5000i,500n,10000p,200000b,80000s
</opt/local/share/texmf-texlive/fonts/type1/public/amsfonts/cm/cmbx10.pfb></o
pt/local/share/texmf-texlive/fonts/type1/public/amsfonts/cm/cmbx12.pfb></opt/lo
cal/share/texmf-texlive/fonts/type1/public/amsfonts/cm/cmbx9.pfb></opt/local/sh
are/texmf-texlive/fonts/type1/public/amsfonts/cm/cmcsc10.pfb></opt/local/share/
texmf-texlive/fonts/type1/public/amsfonts/cm/cmmi10.pfb></opt/local/share/texmf
-texlive/fonts/type1/public/amsfonts/cm/cmmi7.pfb></opt/local/share/texmf-texli
ve/fonts/type1/public/amsfonts/cm/cmr10.pfb></opt/local/share/texmf-texlive/fon
ts/type1/public/amsfonts/cm/cmr12.pfb></opt/local/share/texmf-texlive/fonts/typ
e1/public/amsfonts/cm/cmr7.pfb></opt/local/share/texmf-texlive/fonts/type1/publ
ic/amsfonts/cm/cmr8.pfb></opt/local/share/texmf-texlive/fonts/type1/public/amsf
onts/cm/cmr9.pfb></opt/local/share/texmf-texlive/fonts/type1/public/amsfonts/cm
/cmsy10.pfb></opt/local/share/texmf-texlive/fonts/type1/public/amsfonts/cm/cmti
10.pfb></opt/local/share/texmf-texlive/fonts/type1/public/amsfonts/cm/cmti9.pfb
></opt/local/share/texmf-texlive/fonts/type1/public/amsfonts/cm/cmtt10.pfb></op
t/local/share/texmf-texlive/fonts/type1/public/amsfonts/cm/cmtt9.pfb></opt/loca
l/share/texmf-texlive/fonts/type1/public/eurosym/feymr10.pfb></opt/local/share/
texmf-texlive/fonts/type1/public/amsfonts/symbols/msam10.pfb></opt/local/share/
texmf-texlive/fonts/type1/urw/courier/ucrr8a.pfb></opt/local/share/texmf-texliv
e/fonts/type1/urw/times/utmb8a.pfb></opt/local/share/texmf-texlive/fonts/type1/
urw/times/utmr8a.pfb></opt/local/share/texmf-texlive/fonts/type1/urw/times/utmr
i8a.pfb>
Output written on pr_2226.pdf (46 pages, 3171394 bytes).
PDF statistics:
 1103 PDF objects out of 1200 (max. 8388607)
 932 compressed objects within 10 object streams
 171 named destinations out of 1000 (max. 500000)
 464 words of extra memory for PDF output out of 10000 (max. 10000000)

