This is pdfeTeX, Version 3.141592-1.21a-2.2 (Web2C 7.5.4) (format=pdflatex 2010.6.18)  17 SEP 2010 17:15
entering extended mode
**td-intranet.tex
(./td-intranet.tex
LaTeX2e <2003/12/01>
Babel <v3.8d> and hyphenation patterns for american, french, german, ngerman, b
ahasa, basque, bulgarian, catalan, croatian, czech, danish, dutch, esperanto, e
stonian, finnish, greek, icelandic, irish, italian, latin, magyar, norsk, polis
h, portuges, romanian, russian, serbian, slovak, slovene, spanish, swedish, tur
kish, ukrainian, nohyphenation, loaded.
(/opt/local/share/texmf-dist/tex/latex/base/article.cls
Document Class: article 2004/02/16 v1.4f Standard LaTeX document class
(/opt/local/share/texmf-dist/tex/latex/base/size12.clo
File: size12.clo 2004/02/16 v1.4f Standard LaTeX file (size option)
)
\c@part=\count79
\c@section=\count80
\c@subsection=\count81
\c@subsubsection=\count82
\c@paragraph=\count83
\c@subparagraph=\count84
\c@figure=\count85
\c@table=\count86
\abovecaptionskip=\skip41
\belowcaptionskip=\skip42
\bibindent=\dimen102
)
(/opt/local/share/texmf-dist/tex/generic/babel/babel.sty
Package: babel 2004/11/20 v3.8d The Babel package

(/opt/local/share/texmf-dist/tex/generic/babel/frenchb.ldf
Language: french 2004/04/02 v1.6f French support from the babel system

(/opt/local/share/texmf-dist/tex/generic/babel/babel.def
File: babel.def 2004/11/20 v3.8d Babel common definitions
\babel@savecnt=\count87
\U@D=\dimen103
)
Package babel Info: Making : an active character on input line 219.
Package babel Info: Making ; an active character on input line 220.
Package babel Info: Making ! an active character on input line 221.
Package babel Info: Making ? an active character on input line 222.
LaTeX Font Info:    Redeclaring font encoding T1 on input line 299.
\parindentFFN=\dimen104
\std@mcc=\count88
\dec@mcc=\count89

*************************************
* Local config file frenchb.cfg used
*
(/opt/local/share/texmf-dist/tex/generic/babel/frenchb.cfg)))
(/opt/local/share/texmf-dist/tex/latex/base/fontenc.sty
Package: fontenc 2004/02/22 v1.99f Standard LaTeX package

(/opt/local/share/texmf-dist/tex/latex/base/t1enc.def
File: t1enc.def 2004/02/22 v1.99f Standard LaTeX file
LaTeX Font Info:    Redeclaring font encoding T1 on input line 43.
))
(/opt/local/share/texmf-dist/tex/latex/a4wide/a4wide.sty
Package: a4wide 1994/08/30

(/opt/local/share/texmf-dist/tex/latex/ntgclass/a4.sty
Package: a4 2004/04/15 v1.2g A4 based page layout
))
(/opt/local/share/texmf-dist/tex/latex/eurosym/eurosym.sty
Package: eurosym 1998/08/06 v1.1 European currency symbol ``Euro''
\@eurobox=\box26
)
(/opt/local/share/texmf-dist/tex/latex/comment/comment.sty
\CommentStream=\write3

Excluding comment 'comment') (./td-intranet.aux)
\openout1 = `td-intranet.aux'.

LaTeX Font Info:    Checking defaults for OML/cmm/m/it on input line 11.
LaTeX Font Info:    ... okay on input line 11.
LaTeX Font Info:    Checking defaults for T1/lmr/m/n on input line 11.
LaTeX Font Info:    Try loading font information for T1+lmr on input line 11.

(/opt/local/share/texmf-dist/tex/latex/lm/t1lmr.fd
File: t1lmr.fd 2003/07/22 v1.1 Font defs for Latin Modern
)
LaTeX Font Info:    ... okay on input line 11.
LaTeX Font Info:    Checking defaults for OT1/cmr/m/n on input line 11.
LaTeX Font Info:    ... okay on input line 11.
LaTeX Font Info:    Checking defaults for OMS/cmsy/m/n on input line 11.
LaTeX Font Info:    ... okay on input line 11.
LaTeX Font Info:    Checking defaults for OMX/cmex/m/n on input line 11.
LaTeX Font Info:    ... okay on input line 11.
LaTeX Font Info:    Checking defaults for U/cmr/m/n on input line 11.
LaTeX Font Info:    ... okay on input line 11.
LaTeX Info: Redefining \dots on input line 11.
LaTeX Font Info:    External font `cmex10' loaded for size
(Font)              <14.4> on input line 13.
LaTeX Font Info:    External font `cmex10' loaded for size
(Font)              <7> on input line 13.
 [1

{/opt/local/share/texmf-var/fonts/map/pdftex/updmap/pdftex.map}]
Overfull \hbox (2.70839pt too wide) in paragraph at lines 60--61
\T1/cmr/m/n/12 (chaires), col-lecte les sou-tiens fi-nan-ciers (taxe ap-pren-ti
s-sage, co-ti-sa-tions chaires, dons). 
 []

[2]
LaTeX Font Info:    External font `cmex10' loaded for size
(Font)              <12> on input line 116.
LaTeX Font Info:    External font `cmex10' loaded for size
(Font)              <8> on input line 116.
LaTeX Font Info:    External font `cmex10' loaded for size
(Font)              <6> on input line 116.
LaTeX Font Info:    External font `cmex10' loaded for size
(Font)              <5> on input line 116.
 [3] (./td-intranet.aux) ) 
Here is how much of TeX's memory you used:
 1162 strings out of 94500
 13760 string characters out of 1174973
 64098 words of memory out of 1000000
 4358 multiletter control sequences out of 10000+50000
 16361 words of font info for 38 fonts, out of 500000 for 2000
 580 hyphenation exceptions out of 1000
 24i,8n,24p,303b,244s stack positions out of 1500i,500n,5000p,200000b,5000s
PDF statistics:
 21 PDF objects out of 300000
 0 named destinations out of 131072
 1 words of extra memory for PDF output out of 65536
 </var/tmp/texfonts/pk/ljfour/jknappen/ec/ecrm1000.60
0pk> </var/tmp/texfonts/pk/ljfour/jknappen/ec/ecrm0700.600pk> </var/tmp/texfont
s/pk/ljfour/jknappen/ec/ecrm0800.600pk> </var/tmp/texfonts/pk/ljfour/jknappen/e
c/ecbx1200.600pk> </var/tmp/texfonts/pk/ljfour/jknappen/ec/ecti1200.600pk> </va
r/tmp/texfonts/pk/ljfour/jknappen/ec/ecrm1200.600pk> </var/tmp/texfonts/pk/ljfo
ur/jknappen/ec/ecbx1440.600pk> </var/tmp/texfonts/pk/ljfour/jknappen/ec/ecbx172
8.600pk> </var/tmp/texfonts/pk/ljfour/jknappen/ec/ecrm1440.600pk> </var/tmp/tex
fonts/pk/ljfour/jknappen/ec/ecti2074.600pk> </var/tmp/texfonts/pk/ljfour/jknapp
en/ec/ecrm2074.600pk>
Output written on td-intranet.pdf (3 pages, 80877 bytes).
